23:13:10,423 test INFO === EXPERIMENT CONFIGURATION ===
23:13:10,423 test INFO ML_config:
23:13:10,423 test INFO   model_args: {'num_classes': 10}
23:13:10,423 test INFO   train_config: {'epochs': 3, 'lr': 0.0001, 'train_bs': 16}
23:13:10,423 test INFO   test_config: {'test_bs': 64}
23:13:10,423 test INFO   initial_model_path: initial_models
23:13:10,423 test INFO   dataset_dir: C:\Users\pinky\Downloads\ACM_Workshop_SYSML-main (1)\ACM_Workshop_SYSML-main\data\CIFAR10_dirichlet0.05_12
23:13:10,423 test INFO   dataset_id: CIFAR10_dirichlet0.05_12
23:13:10,423 test INFO   model_file_path: C:\Users\pinky\Downloads\ACM_Workshop_SYSML-main (1)\ACM_Workshop_SYSML-main\models\CNN.py
23:13:10,423 test INFO   model_id: CNN_model
23:13:10,448 test INFO FL_config:
23:13:10,448 test INFO   Agg_algo: fedavg
23:13:10,448 test INFO   Agg_args: None
23:13:10,448 test INFO   CS_algo: random
23:13:10,448 test INFO   CS_args: None
23:13:10,448 test INFO   clients_per_round: 3
23:13:10,448 test INFO   total_num_clients: 12
23:13:10,448 test INFO   total_rounds: 100
23:13:10,448 test INFO client_config:
23:13:10,448 test INFO   minibatch_time: 0
23:13:10,448 test INFO server_config:
23:13:10,448 test INFO   test_bs: 64
23:13:10,448 test INFO   seed: 1201
23:13:10,448 test INFO   use_gpu: False
23:13:10,448 test INFO   save_path: ../results
23:13:10,448 test INFO =============================
23:13:10,868 test INFO CID0_DATA_LOADED, NUM_ITEMS:4146/461
23:13:11,199 test INFO CID1_DATA_LOADED, NUM_ITEMS:4168/464
23:13:11,868 test INFO CID2_DATA_LOADED, NUM_ITEMS:6761/752
23:13:11,901 test INFO CID3_DATA_LOADED, NUM_ITEMS:216/24
23:13:11,939 test INFO CID4_DATA_LOADED, NUM_ITEMS:445/50
23:13:12,291 test INFO CID5_DATA_LOADED, NUM_ITEMS:4201/467
23:13:12,738 test INFO CID6_DATA_LOADED, NUM_ITEMS:3574/398
23:13:13,152 test INFO CID7_DATA_LOADED, NUM_ITEMS:4797/533
23:13:13,466 test INFO CID8_DATA_LOADED, NUM_ITEMS:3955/440
23:13:13,748 test INFO CID9_DATA_LOADED, NUM_ITEMS:3929/437
23:13:14,236 test INFO CID10_DATA_LOADED, NUM_ITEMS:4245/472
23:13:14,600 test INFO CID11_DATA_LOADED, NUM_ITEMS:4558/507
23:13:14,769 test INFO GLOBAL_DATA_LOADED, NUM_ITEMS:10000
23:13:14,775 test INFO SELECTED_CLIENTS:[10, 11, 8]
23:13:24,559 test INFO TIME_TAKEN:9.783913373947144
23:13:24,559 test INFO MINIBATCHES:795
23:13:24,559 test INFO LOSS:0.0031383961904793978
23:13:24,559 test INFO ACCURACY:99.34
23:13:34,149 test INFO TIME_TAKEN:9.590022087097168
23:13:34,149 test INFO MINIBATCHES:852
23:13:34,149 test INFO LOSS:0.020959965884685516
23:13:34,149 test INFO ACCURACY:98.636
23:13:41,970 test INFO TIME_TAKEN:7.8189756870269775
23:13:41,970 test INFO MINIBATCHES:741
23:13:41,970 test INFO LOSS:5.796336154162418e-06
23:13:41,970 test INFO ACCURACY:100.0
23:13:45,283 test INFO GLOBAL MODEL: Total Accuracy = 0.1
23:13:45,283 test INFO GLOBAL MODEL: Loss = 3.2885040993903094
23:13:45,283 test INFO === Time Statistics ===
23:13:45,283 test INFO TOTAL_CLIENT_SELECTION_TIME:0.0000
23:13:45,283 test INFO TOTAL_ACTUAL_TRAINING_TIME:27.1953
23:13:45,283 test INFO SIM_TRAINING_ROUND_TIME:0.0000
23:13:45,283 test INFO TOTAL_AGGREGATION_TIME:0.0046
23:13:45,283 test INFO TOTAL_VALIDATION_TIME:3.3087
23:13:45,283 test INFO ===========================
23:13:45,283 test INFO SELECTED_CLIENTS:[3, 11, 0]
23:13:45,993 test INFO TIME_TAKEN:0.7094454765319824
23:13:45,993 test INFO MINIBATCHES:39
23:13:45,993 test INFO LOSS:0.9127300381660461
23:13:45,993 test INFO ACCURACY:55.288
23:13:55,434 test INFO TIME_TAKEN:9.440900087356567
23:13:55,434 test INFO MINIBATCHES:852
23:13:55,434 test INFO LOSS:0.017601577565073967
23:13:55,434 test INFO ACCURACY:98.658
23:14:19,346 test INFO TIME_TAKEN:23.912203073501587
23:14:19,346 test INFO MINIBATCHES:777
23:14:19,346 test INFO LOSS:0.6930029988288879
23:14:19,346 test INFO ACCURACY:73.166
23:14:27,871 test INFO GLOBAL MODEL: Total Accuracy = 0.1368
23:14:27,876 test INFO GLOBAL MODEL: Loss = 3.456576798372208
23:14:27,877 test INFO === Time Statistics ===
23:14:27,877 test INFO TOTAL_CLIENT_SELECTION_TIME:0.0000
23:14:27,877 test INFO TOTAL_ACTUAL_TRAINING_TIME:61.2584
23:14:27,877 test INFO SIM_TRAINING_ROUND_TIME:0.0000
23:14:27,877 test INFO TOTAL_AGGREGATION_TIME:0.0218
23:14:27,877 test INFO TOTAL_VALIDATION_TIME:11.8212
23:14:27,877 test INFO ===========================
23:14:27,877 test INFO SELECTED_CLIENTS:[3, 6, 1]
23:14:29,43 test INFO TIME_TAKEN:1.1650888919830322
23:14:29,43 test INFO MINIBATCHES:39
23:14:29,43 test INFO LOSS:0.9242352843284607
23:14:29,43 test INFO ACCURACY:53.846
23:14:36,499 test INFO TIME_TAKEN:7.456368446350098
23:14:36,499 test INFO MINIBATCHES:669
23:14:36,499 test INFO LOSS:0.0035483846440911293
23:14:36,499 test INFO ACCURACY:99.327
23:14:43,795 test INFO TIME_TAKEN:7.295490264892578
23:14:43,795 test INFO MINIBATCHES:780
23:14:43,795 test INFO LOSS:0.16637596487998962
23:14:43,795 test INFO ACCURACY:91.611
23:14:47,174 test INFO GLOBAL MODEL: Total Accuracy = 0.1342
23:14:47,174 test INFO GLOBAL MODEL: Loss = 4.441989505366915
23:14:47,174 test INFO === Time Statistics ===
23:14:47,174 test INFO TOTAL_CLIENT_SELECTION_TIME:0.0000
23:14:47,174 test INFO TOTAL_ACTUAL_TRAINING_TIME:77.1762
23:14:47,174 test INFO SIM_TRAINING_ROUND_TIME:0.0000
23:14:47,174 test INFO TOTAL_AGGREGATION_TIME:0.0218
23:14:47,174 test INFO TOTAL_VALIDATION_TIME:15.1936
23:14:47,174 test INFO ===========================
23:14:47,174 test INFO SELECTED_CLIENTS:[3, 11, 0]
23:14:48,160 test INFO TIME_TAKEN:0.9867966175079346
23:14:48,169 test INFO MINIBATCHES:39
23:14:48,169 test INFO LOSS:0.6373313665390015
23:14:48,169 test INFO ACCURACY:66.346
23:14:57,814 test INFO TIME_TAKEN:9.64449691772461
23:14:57,814 test INFO MINIBATCHES:852
23:14:57,814 test INFO LOSS:0.03399810194969177
23:14:57,814 test INFO ACCURACY:98.636
23:15:05,438 test INFO TIME_TAKEN:7.624067783355713
23:15:05,438 test INFO MINIBATCHES:777
23:15:05,438 test INFO LOSS:0.5384050607681274
23:15:05,438 test INFO ACCURACY:75.724
23:15:15,431 test INFO GLOBAL MODEL: Total Accuracy = 0.2107
23:15:15,431 test INFO GLOBAL MODEL: Loss = 3.5734833000571866
23:15:15,431 test INFO === Time Statistics ===
23:15:15,431 test INFO TOTAL_CLIENT_SELECTION_TIME:0.0000
23:15:15,431 test INFO TOTAL_ACTUAL_TRAINING_TIME:95.4410
23:15:15,431 test INFO SIM_TRAINING_ROUND_TIME:0.0000
23:15:15,431 test INFO TOTAL_AGGREGATION_TIME:0.0268
23:15:15,431 test INFO TOTAL_VALIDATION_TIME:25.1811
23:15:15,431 test INFO ===========================
23:15:15,437 test INFO SELECTED_CLIENTS:[8, 11, 5]
23:15:24,209 test INFO TIME_TAKEN:8.771639108657837
23:15:24,209 test INFO MINIBATCHES:741
23:15:24,209 test INFO LOSS:3.170031413901597e-05
23:15:24,209 test INFO ACCURACY:100.0
23:15:32,120 test INFO TIME_TAKEN:7.911382675170898
23:15:32,120 test INFO MINIBATCHES:852
23:15:32,120 test INFO LOSS:0.01676170341670513
23:15:32,120 test INFO ACCURACY:98.724
23:15:39,385 test INFO TIME_TAKEN:7.265235662460327
23:15:39,385 test INFO MINIBATCHES:786
23:15:39,385 test INFO LOSS:0.00016098175547085702
23:15:39,385 test INFO ACCURACY:100.0
23:15:43,334 test INFO GLOBAL MODEL: Total Accuracy = 0.1835
23:15:43,334 test INFO GLOBAL MODEL: Loss = 3.2040433033256774
23:15:43,347 test INFO === Time Statistics ===
23:15:43,347 test INFO TOTAL_CLIENT_SELECTION_TIME:0.0054
23:15:43,347 test INFO TOTAL_ACTUAL_TRAINING_TIME:119.3893
23:15:43,347 test INFO SIM_TRAINING_ROUND_TIME:0.0000
23:15:43,347 test INFO TOTAL_AGGREGATION_TIME:0.0268
23:15:43,347 test INFO TOTAL_VALIDATION_TIME:29.1421
23:15:43,347 test INFO ===========================
23:15:43,347 test INFO SELECTED_CLIENTS:[0, 4, 11]
23:15:58,90 test INFO TIME_TAKEN:14.743068933486938
23:15:58,90 test INFO MINIBATCHES:777
23:15:58,90 test INFO LOSS:1.1921957731246948
23:15:58,90 test INFO ACCURACY:76.737
23:15:58,849 test INFO TIME_TAKEN:0.7587432861328125
23:15:58,849 test INFO MINIBATCHES:81
23:15:58,849 test INFO LOSS:0.09179143607616425
23:15:58,849 test INFO ACCURACY:90.046
23:16:06,993 test INFO TIME_TAKEN:8.14489197731018
23:16:06,993 test INFO MINIBATCHES:852
23:16:06,993 test INFO LOSS:0.019702449440956116
23:16:06,993 test INFO ACCURACY:98.68
23:16:10,740 test INFO GLOBAL MODEL: Total Accuracy = 0.2261
23:16:10,740 test INFO GLOBAL MODEL: Loss = 3.1516369148424475
23:16:10,756 test INFO === Time Statistics ===
23:16:10,756 test INFO TOTAL_CLIENT_SELECTION_TIME:0.0054
23:16:10,756 test INFO TOTAL_ACTUAL_TRAINING_TIME:143.0360
23:16:10,756 test INFO SIM_TRAINING_ROUND_TIME:0.0000
23:16:10,756 test INFO TOTAL_AGGREGATION_TIME:0.0268
23:16:10,756 test INFO TOTAL_VALIDATION_TIME:32.8889
23:16:10,756 test INFO ===========================
23:16:10,756 test INFO SELECTED_CLIENTS:[6, 3, 2]
23:16:18,366 test INFO TIME_TAKEN:7.6103675365448
23:16:18,366 test INFO MINIBATCHES:669
23:16:18,366 test INFO LOSS:0.002058691345155239
23:16:18,366 test INFO ACCURACY:99.327
23:16:18,766 test INFO TIME_TAKEN:0.39911484718322754
23:16:18,766 test INFO MINIBATCHES:39
23:16:18,766 test INFO LOSS:0.5962918400764465
23:16:18,766 test INFO ACCURACY:72.596
23:16:31,755 test INFO TIME_TAKEN:12.989140510559082
23:16:31,755 test INFO MINIBATCHES:1266
23:16:31,755 test INFO LOSS:0.24984139204025269
23:16:31,755 test INFO ACCURACY:82.924
23:16:35,673 test INFO GLOBAL MODEL: Total Accuracy = 0.11
23:16:35,673 test INFO GLOBAL MODEL: Loss = 7.161595013490908
23:16:35,689 test INFO === Time Statistics ===
23:16:35,689 test INFO TOTAL_CLIENT_SELECTION_TIME:0.0054
23:16:35,689 test INFO TOTAL_ACTUAL_TRAINING_TIME:164.0346
23:16:35,689 test INFO SIM_TRAINING_ROUND_TIME:0.0000
23:16:35,689 test INFO TOTAL_AGGREGATION_TIME:0.0268
23:16:35,689 test INFO TOTAL_VALIDATION_TIME:36.8077
23:16:35,691 test INFO ===========================
23:16:35,691 test INFO SELECTED_CLIENTS:[1, 3, 7]
23:16:43,812 test INFO TIME_TAKEN:8.120201587677002
23:16:43,812 test INFO MINIBATCHES:780
23:16:43,812 test INFO LOSS:0.18920809030532837
23:16:43,812 test INFO ACCURACY:94.159
23:16:44,188 test INFO TIME_TAKEN:0.3764607906341553
23:16:44,188 test INFO MINIBATCHES:39
23:16:44,188 test INFO LOSS:0.8918261528015137
23:16:44,188 test INFO ACCURACY:68.75
23:16:53,691 test INFO TIME_TAKEN:9.503371238708496
23:16:53,691 test INFO MINIBATCHES:897
23:16:53,691 test INFO LOSS:0.6059830188751221
23:16:53,691 test INFO ACCURACY:76.066
23:16:57,223 test INFO GLOBAL MODEL: Total Accuracy = 0.1779
23:16:57,223 test INFO GLOBAL MODEL: Loss = 3.8564354447042866
23:16:57,223 test INFO === Time Statistics ===
23:16:57,223 test INFO TOTAL_CLIENT_SELECTION_TIME:0.0054
23:16:57,223 test INFO TOTAL_ACTUAL_TRAINING_TIME:182.0351
23:16:57,223 test INFO SIM_TRAINING_ROUND_TIME:0.0000
23:16:57,223 test INFO TOTAL_AGGREGATION_TIME:0.0268
23:16:57,223 test INFO TOTAL_VALIDATION_TIME:40.3391
23:16:57,223 test INFO ===========================
23:16:57,223 test INFO SELECTED_CLIENTS:[0, 10, 11]
23:17:06,258 test INFO TIME_TAKEN:9.035041809082031
23:17:06,258 test INFO MINIBATCHES:777
23:17:06,258 test INFO LOSS:0.6803731322288513
23:17:06,258 test INFO ACCURACY:78.596
23:17:13,985 test INFO TIME_TAKEN:7.726515293121338
23:17:13,985 test INFO MINIBATCHES:795
23:17:13,985 test INFO LOSS:0.004202139563858509
23:17:13,985 test INFO ACCURACY:99.34
23:17:22,907 test INFO TIME_TAKEN:8.922302722930908
23:17:22,907 test INFO MINIBATCHES:852
23:17:22,907 test INFO LOSS:0.005839738063514233
23:17:22,907 test INFO ACCURACY:98.746
23:17:26,574 test INFO GLOBAL MODEL: Total Accuracy = 0.2589
23:17:26,574 test INFO GLOBAL MODEL: Loss = 2.5244542185667975
23:17:26,587 test INFO === Time Statistics ===
23:17:26,587 test INFO TOTAL_CLIENT_SELECTION_TIME:0.0054
23:17:26,587 test INFO TOTAL_ACTUAL_TRAINING_TIME:207.7190
23:17:26,587 test INFO SIM_TRAINING_ROUND_TIME:0.0000
23:17:26,587 test INFO TOTAL_AGGREGATION_TIME:0.0268
23:17:26,587 test INFO TOTAL_VALIDATION_TIME:44.0068
23:17:26,587 test INFO ===========================
23:17:26,587 test INFO SELECTED_CLIENTS:[11, 4, 7]
23:17:35,984 test INFO TIME_TAKEN:9.397077798843384
23:17:35,984 test INFO MINIBATCHES:852
23:17:35,984 test INFO LOSS:0.004087645094841719
23:17:35,984 test INFO ACCURACY:98.834
23:17:36,730 test INFO TIME_TAKEN:0.7464597225189209
23:17:36,730 test INFO MINIBATCHES:81
23:17:36,730 test INFO LOSS:0.15732313692569733
23:17:36,730 test INFO ACCURACY:94.213
23:17:45,142 test INFO TIME_TAKEN:8.395810842514038
23:17:45,142 test INFO MINIBATCHES:897
23:17:45,142 test INFO LOSS:0.14266197383403778
23:17:45,142 test INFO ACCURACY:77.696
23:17:48,672 test INFO GLOBAL MODEL: Total Accuracy = 0.2292
23:17:48,672 test INFO GLOBAL MODEL: Loss = 2.900513885886806
23:17:48,672 test INFO === Time Statistics ===
23:17:48,686 test INFO TOTAL_CLIENT_SELECTION_TIME:0.0054
23:17:48,686 test INFO TOTAL_ACTUAL_TRAINING_TIME:226.2780
23:17:48,686 test INFO SIM_TRAINING_ROUND_TIME:0.0000
23:17:48,686 test INFO TOTAL_AGGREGATION_TIME:0.0311
23:17:48,686 test INFO TOTAL_VALIDATION_TIME:47.5283
23:17:48,686 test INFO ===========================
23:17:48,686 test INFO SELECTED_CLIENTS:[6, 3, 10]
23:17:56,906 test INFO TIME_TAKEN:8.219693422317505
23:17:56,906 test INFO MINIBATCHES:669
23:17:56,906 test INFO LOSS:0.02221529185771942
23:17:56,906 test INFO ACCURACY:99.327
23:17:57,272 test INFO TIME_TAKEN:0.3660745620727539
23:17:57,272 test INFO MINIBATCHES:39
23:17:57,272 test INFO LOSS:0.7938420176506042
23:17:57,272 test INFO ACCURACY:72.596
23:18:04,945 test INFO TIME_TAKEN:7.672778367996216
23:18:04,945 test INFO MINIBATCHES:795
23:18:04,945 test INFO LOSS:0.0045236861333251
23:18:04,945 test INFO ACCURACY:99.34
23:18:08,662 test INFO GLOBAL MODEL: Total Accuracy = 0.1976
23:18:08,662 test INFO GLOBAL MODEL: Loss = 2.6641572873303843
23:18:08,662 test INFO === Time Statistics ===
23:18:08,662 test INFO TOTAL_CLIENT_SELECTION_TIME:0.0054
23:18:08,662 test INFO TOTAL_ACTUAL_TRAINING_TIME:242.5365
23:18:08,662 test INFO SIM_TRAINING_ROUND_TIME:0.0000
23:18:08,662 test INFO TOTAL_AGGREGATION_TIME:0.0311
23:18:08,662 test INFO TOTAL_VALIDATION_TIME:51.2451
23:18:08,662 test INFO ===========================
23:18:08,662 test INFO SELECTED_CLIENTS:[11, 10, 2]
23:18:18,150 test INFO TIME_TAKEN:9.488206148147583
23:18:18,150 test INFO MINIBATCHES:852
23:18:18,150 test INFO LOSS:0.004659843165427446
23:18:18,150 test INFO ACCURACY:98.9
23:18:26,263 test INFO TIME_TAKEN:8.113389730453491
23:18:26,263 test INFO MINIBATCHES:795
23:18:26,263 test INFO LOSS:0.0169129129499197
23:18:26,263 test INFO ACCURACY:99.363
23:18:37,800 test INFO TIME_TAKEN:11.536698341369629
23:18:37,800 test INFO MINIBATCHES:1266
23:18:37,800 test INFO LOSS:0.34077250957489014
23:18:37,800 test INFO ACCURACY:86.093
23:18:41,763 test INFO GLOBAL MODEL: Total Accuracy = 0.2485
23:18:41,763 test INFO GLOBAL MODEL: Loss = 3.600354557584046
23:18:41,763 test INFO === Time Statistics ===
23:18:41,763 test INFO TOTAL_CLIENT_SELECTION_TIME:0.0054
23:18:41,763 test INFO TOTAL_ACTUAL_TRAINING_TIME:271.6748
23:18:41,763 test INFO SIM_TRAINING_ROUND_TIME:0.0000
23:18:41,763 test INFO TOTAL_AGGREGATION_TIME:0.0311
23:18:41,763 test INFO TOTAL_VALIDATION_TIME:55.2076
23:18:41,763 test INFO ===========================
23:18:41,763 test INFO SELECTED_CLIENTS:[1, 4, 3]
23:18:53,915 test INFO TIME_TAKEN:12.152039527893066
23:18:53,915 test INFO MINIBATCHES:780
23:18:53,915 test INFO LOSS:0.04947695508599281
23:18:53,915 test INFO ACCURACY:94.856
23:18:54,777 test INFO TIME_TAKEN:0.8622138500213623
23:18:54,777 test INFO MINIBATCHES:81
23:18:54,777 test INFO LOSS:0.03716675937175751
23:18:54,777 test INFO ACCURACY:94.444
23:18:55,171 test INFO TIME_TAKEN:0.39349865913391113
23:18:55,171 test INFO MINIBATCHES:39
23:18:55,171 test INFO LOSS:0.5733861923217773
23:18:55,171 test INFO ACCURACY:72.115
23:18:58,681 test INFO GLOBAL MODEL: Total Accuracy = 0.1952
23:18:58,681 test INFO GLOBAL MODEL: Loss = 5.550308880532623
23:18:58,681 test INFO === Time Statistics ===
23:18:58,681 test INFO TOTAL_CLIENT_SELECTION_TIME:0.0054
23:18:58,681 test INFO TOTAL_ACTUAL_TRAINING_TIME:285.0831
23:18:58,681 test INFO SIM_TRAINING_ROUND_TIME:0.0000
23:18:58,681 test INFO TOTAL_AGGREGATION_TIME:0.0311
23:18:58,681 test INFO TOTAL_VALIDATION_TIME:58.7182
23:18:58,681 test INFO ===========================
23:18:58,681 test INFO SELECTED_CLIENTS:[0, 1, 11]
23:19:08,326 test INFO TIME_TAKEN:9.644239664077759
23:19:08,326 test INFO MINIBATCHES:777
23:19:08,326 test INFO LOSS:0.620965838432312
23:19:08,326 test INFO ACCURACY:79.416
23:19:15,949 test INFO TIME_TAKEN:7.623410701751709
23:19:15,949 test INFO MINIBATCHES:780
23:19:15,949 test INFO LOSS:0.32892581820487976
23:19:15,949 test INFO ACCURACY:95.024
23:19:28,839 test INFO TIME_TAKEN:12.890087366104126
23:19:28,839 test INFO MINIBATCHES:852
23:19:28,839 test INFO LOSS:0.0057583097368478775
23:19:28,839 test INFO ACCURACY:98.856
23:19:33,489 test INFO GLOBAL MODEL: Total Accuracy = 0.2008
23:19:33,489 test INFO GLOBAL MODEL: Loss = 3.9111397418246905
23:19:33,489 test INFO === Time Statistics ===
23:19:33,489 test INFO TOTAL_CLIENT_SELECTION_TIME:0.0054
23:19:33,489 test INFO TOTAL_ACTUAL_TRAINING_TIME:315.2408
23:19:33,489 test INFO SIM_TRAINING_ROUND_TIME:0.0000
23:19:33,489 test INFO TOTAL_AGGREGATION_TIME:0.0387
23:19:33,489 test INFO TOTAL_VALIDATION_TIME:63.3600
23:19:33,489 test INFO ===========================
23:19:33,489 test INFO SELECTED_CLIENTS:[9, 7, 11]
23:19:45,239 test INFO TIME_TAKEN:11.74103569984436
23:19:45,239 test INFO MINIBATCHES:735
23:19:45,239 test INFO LOSS:0.0009442707523703575
23:19:45,239 test INFO ACCURACY:99.923
23:19:57,815 test INFO TIME_TAKEN:12.576124668121338
23:19:57,815 test INFO MINIBATCHES:897
23:19:57,815 test INFO LOSS:0.46893206238746643
23:19:57,815 test INFO ACCURACY:78.867
23:20:09,218 test INFO TIME_TAKEN:11.402619123458862
23:20:09,218 test INFO MINIBATCHES:852
23:20:09,218 test INFO LOSS:0.006895185448229313
23:20:09,218 test INFO ACCURACY:98.878
23:20:13,942 test INFO GLOBAL MODEL: Total Accuracy = 0.2971
23:20:13,942 test INFO GLOBAL MODEL: Loss = 2.6535760399642263
23:20:13,942 test INFO === Time Statistics ===
23:20:13,942 test INFO TOTAL_CLIENT_SELECTION_TIME:0.0054
23:20:13,942 test INFO TOTAL_ACTUAL_TRAINING_TIME:350.9703
23:20:13,942 test INFO SIM_TRAINING_ROUND_TIME:0.0000
23:20:13,942 test INFO TOTAL_AGGREGATION_TIME:0.0513
23:20:13,942 test INFO TOTAL_VALIDATION_TIME:68.0710
23:20:13,942 test INFO ===========================
23:20:13,942 test INFO SELECTED_CLIENTS:[11, 0, 3]
23:20:26,762 test INFO TIME_TAKEN:12.82011079788208
23:20:26,762 test INFO MINIBATCHES:852
23:20:26,762 test INFO LOSS:0.02297050878405571
23:20:26,762 test INFO ACCURACY:99.01
23:20:37,212 test INFO TIME_TAKEN:10.449958086013794
23:20:37,212 test INFO MINIBATCHES:777
23:20:37,212 test INFO LOSS:0.2763545513153076
23:20:37,212 test INFO ACCURACY:81.129
23:20:37,731 test INFO TIME_TAKEN:0.519073486328125
23:20:37,731 test INFO MINIBATCHES:39
23:20:37,731 test INFO LOSS:0.3338487446308136
23:20:37,731 test INFO ACCURACY:75.0
23:20:41,946 test INFO GLOBAL MODEL: Total Accuracy = 0.3226
23:20:41,946 test INFO GLOBAL MODEL: Loss = 2.4305817602546353
23:20:41,946 test INFO === Time Statistics ===
23:20:41,946 test INFO TOTAL_CLIENT_SELECTION_TIME:0.0054
23:20:41,946 test INFO TOTAL_ACTUAL_TRAINING_TIME:374.7594
23:20:41,946 test INFO SIM_TRAINING_ROUND_TIME:0.0000
23:20:41,946 test INFO TOTAL_AGGREGATION_TIME:0.0513
23:20:41,946 test INFO TOTAL_VALIDATION_TIME:72.2864
23:20:41,946 test INFO ===========================
23:20:41,946 test INFO SELECTED_CLIENTS:[0, 3, 1]
23:20:55,133 test INFO TIME_TAKEN:13.178346157073975
23:20:55,133 test INFO MINIBATCHES:777
23:20:55,133 test INFO LOSS:0.20188169181346893
23:20:55,133 test INFO ACCURACY:82.239
23:20:55,673 test INFO TIME_TAKEN:0.5397017002105713
23:20:55,673 test INFO MINIBATCHES:39
23:20:55,673 test INFO LOSS:0.4158288240432739
23:20:55,673 test INFO ACCURACY:75.962
23:21:06,846 test INFO TIME_TAKEN:11.173553943634033
23:21:06,846 test INFO MINIBATCHES:780
23:21:06,846 test INFO LOSS:0.2728726863861084
23:21:06,846 test INFO ACCURACY:95.385
23:21:11,355 test INFO GLOBAL MODEL: Total Accuracy = 0.2486
23:21:11,355 test INFO GLOBAL MODEL: Loss = 4.421413719274436
23:21:11,355 test INFO === Time Statistics ===
23:21:11,355 test INFO TOTAL_CLIENT_SELECTION_TIME:0.0054
23:21:11,355 test INFO TOTAL_ACTUAL_TRAINING_TIME:399.6593
23:21:11,355 test INFO SIM_TRAINING_ROUND_TIME:0.0000
23:21:11,355 test INFO TOTAL_AGGREGATION_TIME:0.0643
23:21:11,355 test INFO TOTAL_VALIDATION_TIME:76.7825
23:21:11,355 test INFO ===========================
23:21:11,355 test INFO SELECTED_CLIENTS:[2, 7, 0]
23:21:29,225 test INFO TIME_TAKEN:17.870030641555786
23:21:29,225 test INFO MINIBATCHES:1266
23:21:29,225 test INFO LOSS:0.40460312366485596
23:21:29,225 test INFO ACCURACY:87.53
23:21:41,309 test INFO TIME_TAKEN:12.084142208099365
23:21:41,309 test INFO MINIBATCHES:897
23:21:41,309 test INFO LOSS:0.51893150806427
23:21:41,309 test INFO ACCURACY:80.56
23:21:52,739 test INFO TIME_TAKEN:11.429269075393677
23:21:52,739 test INFO MINIBATCHES:777
23:21:52,739 test INFO LOSS:0.288242906332016
23:21:52,739 test INFO ACCURACY:83.301
23:21:56,569 test INFO GLOBAL MODEL: Total Accuracy = 0.2743
23:21:56,569 test INFO GLOBAL MODEL: Loss = 3.1420202908242585
23:21:56,569 test INFO === Time Statistics ===
23:21:56,569 test INFO TOTAL_CLIENT_SELECTION_TIME:0.0054
23:21:56,569 test INFO TOTAL_ACTUAL_TRAINING_TIME:441.0428
23:21:56,569 test INFO SIM_TRAINING_ROUND_TIME:0.0000
23:21:56,569 test INFO TOTAL_AGGREGATION_TIME:0.0643
23:21:56,569 test INFO TOTAL_VALIDATION_TIME:80.6126
23:21:56,569 test INFO ===========================
23:21:56,569 test INFO SELECTED_CLIENTS:[10, 3, 9]
23:22:08,873 test INFO TIME_TAKEN:12.304290533065796
23:22:08,873 test INFO MINIBATCHES:795
23:22:08,873 test INFO LOSS:0.007945768535137177
23:22:08,873 test INFO ACCURACY:99.363
23:22:09,426 test INFO TIME_TAKEN:0.5526254177093506
23:22:09,426 test INFO MINIBATCHES:39
23:22:09,426 test INFO LOSS:0.5059682130813599
23:22:09,426 test INFO ACCURACY:77.885
23:22:19,721 test INFO TIME_TAKEN:10.295274019241333
23:22:19,721 test INFO MINIBATCHES:735
23:22:19,721 test INFO LOSS:0.000142184755532071
23:22:19,721 test INFO ACCURACY:99.898
23:22:24,180 test INFO GLOBAL MODEL: Total Accuracy = 0.1591
23:22:24,180 test INFO GLOBAL MODEL: Loss = 5.0594694082904015
23:22:24,180 test INFO === Time Statistics ===
23:22:24,180 test INFO TOTAL_CLIENT_SELECTION_TIME:0.0054
23:22:24,180 test INFO TOTAL_ACTUAL_TRAINING_TIME:464.1950
23:22:24,180 test INFO SIM_TRAINING_ROUND_TIME:0.0000
23:22:24,180 test INFO TOTAL_AGGREGATION_TIME:0.0693
23:22:24,180 test INFO TOTAL_VALIDATION_TIME:85.0662
23:22:24,180 test INFO ===========================
23:22:24,180 test INFO SELECTED_CLIENTS:[0, 1, 7]
23:22:36,933 test INFO TIME_TAKEN:12.749560594558716
23:22:36,933 test INFO MINIBATCHES:777
23:22:36,933 test INFO LOSS:0.8158894777297974
23:22:36,933 test INFO ACCURACY:83.47
23:22:48,421 test INFO TIME_TAKEN:11.487812042236328
23:22:48,421 test INFO MINIBATCHES:780
23:22:48,421 test INFO LOSS:0.011062607169151306
23:22:48,421 test INFO ACCURACY:95.745
23:23:00,918 test INFO TIME_TAKEN:12.497131824493408
23:23:00,918 test INFO MINIBATCHES:897
23:23:00,918 test INFO LOSS:0.4584364593029022
23:23:00,918 test INFO ACCURACY:80.665
23:23:05,460 test INFO GLOBAL MODEL: Total Accuracy = 0.2602
23:23:05,460 test INFO GLOBAL MODEL: Loss = 3.636269479800182
23:23:05,460 test INFO === Time Statistics ===
23:23:05,460 test INFO TOTAL_CLIENT_SELECTION_TIME:0.0054
23:23:05,460 test INFO TOTAL_ACTUAL_TRAINING_TIME:500.9295
23:23:05,460 test INFO SIM_TRAINING_ROUND_TIME:0.0000
23:23:05,460 test INFO TOTAL_AGGREGATION_TIME:0.0693
23:23:05,460 test INFO TOTAL_VALIDATION_TIME:89.6083
23:23:05,460 test INFO ===========================
23:23:05,460 test INFO SELECTED_CLIENTS:[10, 1, 2]
23:23:17,197 test INFO TIME_TAKEN:11.737086057662964
23:23:17,197 test INFO MINIBATCHES:795
23:23:17,197 test INFO LOSS:0.0030494448728859425
23:23:17,197 test INFO ACCURACY:99.458
23:23:28,38 test INFO TIME_TAKEN:10.841152906417847
23:23:28,38 test INFO MINIBATCHES:780
23:23:28,38 test INFO LOSS:0.3619154691696167
23:23:28,38 test INFO ACCURACY:96.298
23:23:45,858 test INFO TIME_TAKEN:17.819302320480347
23:23:45,858 test INFO MINIBATCHES:1266
23:23:45,858 test INFO LOSS:0.3379746675491333
23:23:45,858 test INFO ACCURACY:88.122
23:23:50,103 test INFO GLOBAL MODEL: Total Accuracy = 0.2229
23:23:50,103 test INFO GLOBAL MODEL: Loss = 4.554381488994428
23:23:50,103 test INFO === Time Statistics ===
23:23:50,103 test INFO TOTAL_CLIENT_SELECTION_TIME:0.0054
23:23:50,103 test INFO TOTAL_ACTUAL_TRAINING_TIME:541.3276
23:23:50,103 test INFO SIM_TRAINING_ROUND_TIME:0.0000
23:23:50,103 test INFO TOTAL_AGGREGATION_TIME:0.0715
23:23:50,103 test INFO TOTAL_VALIDATION_TIME:93.8509
23:23:50,103 test INFO ===========================
23:23:50,103 test INFO SELECTED_CLIENTS:[6, 9, 5]
23:23:59,981 test INFO TIME_TAKEN:9.87829303741455
23:23:59,982 test INFO MINIBATCHES:669
23:23:59,982 test INFO LOSS:0.0015909993089735508
23:23:59,982 test INFO ACCURACY:99.327
23:24:10,197 test INFO TIME_TAKEN:10.214539527893066
23:24:10,197 test INFO MINIBATCHES:735
23:24:10,197 test INFO LOSS:0.0001097525455406867
23:24:10,197 test INFO ACCURACY:99.898
23:24:20,702 test INFO TIME_TAKEN:10.505699634552002
23:24:20,702 test INFO MINIBATCHES:786
23:24:20,702 test INFO LOSS:0.0002615263219922781
23:24:20,702 test INFO ACCURACY:100.0
23:24:25,241 test INFO GLOBAL MODEL: Total Accuracy = 0.2382
23:24:25,241 test INFO GLOBAL MODEL: Loss = 2.8799516213168004
23:24:25,242 test INFO === Time Statistics ===
23:24:25,242 test INFO TOTAL_CLIENT_SELECTION_TIME:0.0054
23:24:25,242 test INFO TOTAL_ACTUAL_TRAINING_TIME:571.9271
23:24:25,242 test INFO SIM_TRAINING_ROUND_TIME:0.0000
23:24:25,242 test INFO TOTAL_AGGREGATION_TIME:0.0715
23:24:25,242 test INFO TOTAL_VALIDATION_TIME:98.3893
23:24:25,245 test INFO ===========================
23:24:25,245 test INFO SELECTED_CLIENTS:[9, 0, 1]
23:24:35,771 test INFO TIME_TAKEN:10.52528691291809
23:24:35,771 test INFO MINIBATCHES:735
23:24:35,771 test INFO LOSS:0.00017942592967301607
23:24:35,771 test INFO ACCURACY:99.898
23:24:46,106 test INFO TIME_TAKEN:10.334696292877197
23:24:46,106 test INFO MINIBATCHES:777
23:24:46,106 test INFO LOSS:0.26002487540245056
23:24:46,106 test INFO ACCURACY:84.604
23:24:56,580 test INFO TIME_TAKEN:10.473771095275879
23:24:56,580 test INFO MINIBATCHES:780
23:24:56,580 test INFO LOSS:0.08079592883586884
23:24:56,580 test INFO ACCURACY:95.913
23:25:00,627 test INFO GLOBAL MODEL: Total Accuracy = 0.2388
23:25:00,627 test INFO GLOBAL MODEL: Loss = 4.7284032311409145
23:25:00,627 test INFO === Time Statistics ===
23:25:00,627 test INFO TOTAL_CLIENT_SELECTION_TIME:0.0054
23:25:00,627 test INFO TOTAL_ACTUAL_TRAINING_TIME:603.2617
23:25:00,627 test INFO SIM_TRAINING_ROUND_TIME:0.0000
23:25:00,627 test INFO TOTAL_AGGREGATION_TIME:0.0768
23:25:00,627 test INFO TOTAL_VALIDATION_TIME:102.4309
23:25:00,627 test INFO ===========================
23:25:00,627 test INFO SELECTED_CLIENTS:[10, 7, 0]
23:25:12,73 test INFO TIME_TAKEN:11.446779489517212
23:25:12,73 test INFO MINIBATCHES:795
23:25:12,73 test INFO LOSS:0.002982276026159525
23:25:12,73 test INFO ACCURACY:99.434
23:25:24,617 test INFO TIME_TAKEN:12.542152404785156
23:25:24,617 test INFO MINIBATCHES:897
23:25:24,617 test INFO LOSS:0.4465385973453522
23:25:24,617 test INFO ACCURACY:81.835
23:25:35,85 test INFO TIME_TAKEN:10.467501401901245
23:25:35,85 test INFO MINIBATCHES:777
23:25:35,85 test INFO LOSS:0.43859338760375977
23:25:35,85 test INFO ACCURACY:84.628
23:25:39,553 test INFO GLOBAL MODEL: Total Accuracy = 0.316
23:25:39,553 test INFO GLOBAL MODEL: Loss = 3.4710220090902535
23:25:39,556 test INFO === Time Statistics ===
23:25:39,556 test INFO TOTAL_CLIENT_SELECTION_TIME:0.0054
23:25:39,556 test INFO TOTAL_ACTUAL_TRAINING_TIME:637.7204
23:25:39,556 test INFO SIM_TRAINING_ROUND_TIME:0.0000
23:25:39,556 test INFO TOTAL_AGGREGATION_TIME:0.0831
23:25:39,556 test INFO TOTAL_VALIDATION_TIME:106.8915
23:25:39,556 test INFO ===========================
23:25:39,556 test INFO SELECTED_CLIENTS:[4, 5, 9]
23:25:41,767 test INFO TIME_TAKEN:2.210313558578491
23:25:41,767 test INFO MINIBATCHES:81
23:25:41,767 test INFO LOSS:0.0847436711192131
23:25:41,767 test INFO ACCURACY:95.833
23:25:53,752 test INFO TIME_TAKEN:11.985051393508911
23:25:53,752 test INFO MINIBATCHES:786
23:25:53,752 test INFO LOSS:0.00017137665417976677
23:25:53,752 test INFO ACCURACY:100.0
23:26:04,244 test INFO TIME_TAKEN:10.491692066192627
23:26:04,244 test INFO MINIBATCHES:735
23:26:04,244 test INFO LOSS:0.0017168244812637568
23:26:04,244 test INFO ACCURACY:99.898
23:26:08,885 test INFO GLOBAL MODEL: Total Accuracy = 0.2356
23:26:08,885 test INFO GLOBAL MODEL: Loss = 4.410101740223587
23:26:08,885 test INFO === Time Statistics ===
23:26:08,885 test INFO TOTAL_CLIENT_SELECTION_TIME:0.0054
23:26:08,885 test INFO TOTAL_ACTUAL_TRAINING_TIME:662.4080
23:26:08,885 test INFO SIM_TRAINING_ROUND_TIME:0.0000
23:26:08,885 test INFO TOTAL_AGGREGATION_TIME:0.0831
23:26:08,885 test INFO TOTAL_VALIDATION_TIME:111.5330
23:26:08,885 test INFO ===========================
23:26:08,885 test INFO SELECTED_CLIENTS:[1, 2, 10]
23:26:21,85 test INFO TIME_TAKEN:12.199245691299438
23:26:21,85 test INFO MINIBATCHES:780
23:26:21,85 test INFO LOSS:0.039291612803936005
23:26:21,88 test INFO ACCURACY:96.37
23:26:38,713 test INFO TIME_TAKEN:17.624722003936768
23:26:38,713 test INFO MINIBATCHES:1266
23:26:38,713 test INFO LOSS:0.29077309370040894
23:26:38,713 test INFO ACCURACY:89.277
23:26:49,968 test INFO TIME_TAKEN:11.254656314849854
23:26:49,968 test INFO MINIBATCHES:795
23:26:49,968 test INFO LOSS:0.014519519172608852
23:26:49,968 test INFO ACCURACY:99.387
23:26:54,812 test INFO GLOBAL MODEL: Total Accuracy = 0.2937
23:26:54,814 test INFO GLOBAL MODEL: Loss = 3.820450898188694
23:26:54,816 test INFO === Time Statistics ===
23:26:54,816 test INFO TOTAL_CLIENT_SELECTION_TIME:0.0054
23:26:54,816 test INFO TOTAL_ACTUAL_TRAINING_TIME:703.4906
23:26:54,816 test INFO SIM_TRAINING_ROUND_TIME:0.0000
23:26:54,816 test INFO TOTAL_AGGREGATION_TIME:0.0831
23:26:54,816 test INFO TOTAL_VALIDATION_TIME:116.3786
23:26:54,816 test INFO ===========================
23:26:54,816 test INFO SELECTED_CLIENTS:[5, 11, 2]
23:27:07,946 test INFO TIME_TAKEN:13.12913179397583
23:27:07,946 test INFO MINIBATCHES:786
23:27:07,946 test INFO LOSS:7.57496600272134e-05
23:27:07,946 test INFO ACCURACY:100.0
23:27:19,430 test INFO TIME_TAKEN:11.483292579650879
23:27:19,430 test INFO MINIBATCHES:852
23:27:19,430 test INFO LOSS:0.04255538806319237
23:27:19,430 test INFO ACCURACY:98.856
23:27:35,630 test INFO TIME_TAKEN:16.19982123374939
23:27:35,630 test INFO MINIBATCHES:1266
23:27:35,630 test INFO LOSS:0.1021210104227066
23:27:35,630 test INFO ACCURACY:89.959
23:27:39,245 test INFO GLOBAL MODEL: Total Accuracy = 0.2017
23:27:39,245 test INFO GLOBAL MODEL: Loss = 4.213061183880848
23:27:39,245 test INFO === Time Statistics ===
23:27:39,245 test INFO TOTAL_CLIENT_SELECTION_TIME:0.0054
23:27:39,245 test INFO TOTAL_ACTUAL_TRAINING_TIME:744.3040
23:27:39,245 test INFO SIM_TRAINING_ROUND_TIME:0.0000
23:27:39,245 test INFO TOTAL_AGGREGATION_TIME:0.0855
23:27:39,245 test INFO TOTAL_VALIDATION_TIME:119.9910
23:27:39,245 test INFO ===========================
23:27:39,245 test INFO SELECTED_CLIENTS:[2, 4, 11]
23:28:00,443 test INFO TIME_TAKEN:21.198022842407227
23:28:00,443 test INFO MINIBATCHES:1266
23:28:00,443 test INFO LOSS:0.17877723276615143
23:28:00,443 test INFO ACCURACY:90.581
23:28:01,274 test INFO TIME_TAKEN:0.8313469886779785
23:28:01,274 test INFO MINIBATCHES:81
23:28:01,274 test INFO LOSS:0.6077072024345398
23:28:01,274 test INFO ACCURACY:95.602
23:28:09,719 test INFO TIME_TAKEN:8.444762945175171
23:28:09,719 test INFO MINIBATCHES:852
23:28:09,719 test INFO LOSS:0.0033487253822386265
23:28:09,719 test INFO ACCURACY:98.9
23:28:13,294 test INFO GLOBAL MODEL: Total Accuracy = 0.1797
23:28:13,294 test INFO GLOBAL MODEL: Loss = 6.032632426851115
23:28:13,294 test INFO === Time Statistics ===
23:28:13,294 test INFO TOTAL_CLIENT_SELECTION_TIME:0.0054
23:28:13,294 test INFO TOTAL_ACTUAL_TRAINING_TIME:774.7781
23:28:13,294 test INFO SIM_TRAINING_ROUND_TIME:0.0000
23:28:13,294 test INFO TOTAL_AGGREGATION_TIME:0.0855
23:28:13,294 test INFO TOTAL_VALIDATION_TIME:123.5657
23:28:13,294 test INFO ===========================
23:28:13,294 test INFO SELECTED_CLIENTS:[6, 5, 9]
23:28:20,274 test INFO TIME_TAKEN:6.980711221694946
23:28:20,274 test INFO MINIBATCHES:669
23:28:20,274 test INFO LOSS:0.010169824585318565
23:28:20,274 test INFO ACCURACY:99.327
23:28:28,41 test INFO TIME_TAKEN:7.766862392425537
23:28:28,41 test INFO MINIBATCHES:786
23:28:28,41 test INFO LOSS:0.00012503335892688483
23:28:28,41 test INFO ACCURACY:100.0
23:28:35,742 test INFO TIME_TAKEN:7.7007434368133545
23:28:35,742 test INFO MINIBATCHES:735
23:28:35,742 test INFO LOSS:0.00036666850792244077
23:28:35,742 test INFO ACCURACY:99.898
23:28:39,708 test INFO GLOBAL MODEL: Total Accuracy = 0.3236
23:28:39,708 test INFO GLOBAL MODEL: Loss = 2.5999176206102796
23:28:39,708 test INFO === Time Statistics ===
23:28:39,708 test INFO TOTAL_CLIENT_SELECTION_TIME:0.0054
23:28:39,708 test INFO TOTAL_ACTUAL_TRAINING_TIME:797.2264
23:28:39,713 test INFO SIM_TRAINING_ROUND_TIME:0.0000
23:28:39,713 test INFO TOTAL_AGGREGATION_TIME:0.0855
23:28:39,713 test INFO TOTAL_VALIDATION_TIME:127.5320
23:28:39,713 test INFO ===========================
23:28:39,713 test INFO SELECTED_CLIENTS:[8, 10, 9]
23:28:48,480 test INFO TIME_TAKEN:8.766793727874756
23:28:48,480 test INFO MINIBATCHES:741
23:28:48,480 test INFO LOSS:2.2917145543033257e-05
23:28:48,480 test INFO ACCURACY:100.0
23:29:22,525 test INFO TIME_TAKEN:34.03682565689087
23:29:22,525 test INFO MINIBATCHES:795
23:29:22,525 test INFO LOSS:0.0003429848002269864
23:29:22,525 test INFO ACCURACY:99.434
23:30:09,138 test INFO TIME_TAKEN:46.6105260848999
23:30:09,138 test INFO MINIBATCHES:735
23:30:09,138 test INFO LOSS:2.1931609808234498e-05
23:30:09,138 test INFO ACCURACY:100.0
23:30:19,761 test INFO GLOBAL MODEL: Total Accuracy = 0.1997
23:30:19,761 test INFO GLOBAL MODEL: Loss = 5.084133820928586
23:30:19,761 test INFO === Time Statistics ===
23:30:19,761 test INFO TOTAL_CLIENT_SELECTION_TIME:0.0054
23:30:19,761 test INFO TOTAL_ACTUAL_TRAINING_TIME:886.6515
23:30:19,761 test INFO SIM_TRAINING_ROUND_TIME:0.0000
23:30:19,761 test INFO TOTAL_AGGREGATION_TIME:0.0978
23:30:19,761 test INFO TOTAL_VALIDATION_TIME:138.1421
23:30:19,761 test INFO ===========================
23:30:19,761 test INFO SELECTED_CLIENTS:[0, 8, 10]
23:30:48,210 test INFO TIME_TAKEN:28.448902130126953
23:30:48,210 test INFO MINIBATCHES:777
23:30:48,210 test INFO LOSS:0.4557996392250061
23:30:48,210 test INFO ACCURACY:85.352
23:30:58,187 test INFO TIME_TAKEN:9.975938081741333
23:30:58,187 test INFO MINIBATCHES:741
23:30:58,187 test INFO LOSS:7.152418220357504e-06
23:30:58,187 test INFO ACCURACY:100.0
23:32:08,392 test INFO TIME_TAKEN:70.20569062232971
23:32:08,392 test INFO MINIBATCHES:795
23:32:08,392 test INFO LOSS:0.0003047058708034456
23:32:08,392 test INFO ACCURACY:99.505
23:32:23,15 test INFO GLOBAL MODEL: Total Accuracy = 0.2311
23:32:23,15 test INFO GLOBAL MODEL: Loss = 5.350031008386308
23:32:23,17 test INFO === Time Statistics ===
23:32:23,17 test INFO TOTAL_CLIENT_SELECTION_TIME:0.0054
23:32:23,17 test INFO TOTAL_ACTUAL_TRAINING_TIME:995.2825
23:32:23,17 test INFO SIM_TRAINING_ROUND_TIME:0.0000
23:32:23,17 test INFO TOTAL_AGGREGATION_TIME:0.1253
23:32:23,17 test INFO TOTAL_VALIDATION_TIME:152.7311
23:32:23,17 test INFO ===========================
23:32:23,17 test INFO SELECTED_CLIENTS:[2, 5, 9]
