22:54:50,513 test INFO === EXPERIMENT CONFIGURATION ===
22:54:50,513 test INFO ML_config:
22:54:50,513 test INFO   model_args: {'num_classes': 10}
22:54:50,513 test INFO   train_config: {'epochs': 3, 'lr': 0.0001, 'train_bs': 16}
22:54:50,513 test INFO   test_config: {'test_bs': 64}
22:54:50,513 test INFO   initial_model_path: initial_models
22:54:50,513 test INFO   dataset_dir: C:\Users\pinky\Downloads\ACM_Workshop_SYSML-main (1)\ACM_Workshop_SYSML-main\data
22:54:50,513 test INFO   dataset_id: CIFAR10_dirichlet0.05_12
22:54:50,513 test INFO   model_file_path: C:\Users\pinky\Downloads\ACM_Workshop_SYSML-main (1)\ACM_Workshop_SYSML-main\models\CNN.py
22:54:50,513 test INFO   model_id: CNN_model
22:54:50,516 test INFO FL_config:
22:54:50,516 test INFO   Agg_algo: fedavg
22:54:50,516 test INFO   Agg_args: None
22:54:50,516 test INFO   CS_algo: random
22:54:50,516 test INFO   CS_args: None
22:54:50,516 test INFO   clients_per_round: 3
22:54:50,516 test INFO   total_num_clients: 12
22:54:50,516 test INFO   total_rounds: 100
22:54:50,516 test INFO client_config:
22:54:50,516 test INFO   minibatch_time: 0
22:54:50,516 test INFO server_config:
22:54:50,516 test INFO   test_bs: 64
22:54:50,516 test INFO   seed: 1201
22:54:50,516 test INFO   use_gpu: False
22:54:50,517 test INFO   save_path: ../results
22:54:50,517 test INFO =============================
