23:35:29,825 test INFO === EXPERIMENT CONFIGURATION ===
23:35:29,825 test INFO ML_config:
23:35:29,825 test INFO   model_args: {'num_classes': 10}
23:35:29,825 test INFO   train_config: {'epochs': 3, 'lr': 0.0001, 'train_bs': 16}
23:35:29,825 test INFO   test_config: {'test_bs': 64}
23:35:29,825 test INFO   initial_model_path: initial_models
23:35:29,825 test INFO   dataset_dir: C:\Users\pinky\Downloads\ACM_Workshop_SYSML-main (1)\ACM_Workshop_SYSML-main\data\CIFAR10_dirichlet0.05_12
23:35:29,825 test INFO   dataset_id: CIFAR10_dirichlet0.05_12
23:35:29,825 test INFO   model_file_path: C:\Users\pinky\Downloads\ACM_Workshop_SYSML-main (1)\ACM_Workshop_SYSML-main\models\CNN.py
23:35:29,825 test INFO   model_id: CNN_model
23:35:29,836 test INFO FL_config:
23:35:29,836 test INFO   Agg_algo: fedavg
23:35:29,836 test INFO   Agg_args: None
23:35:29,836 test INFO   CS_algo: random
23:35:29,836 test INFO   CS_args: None
23:35:29,836 test INFO   clients_per_round: 3
23:35:29,836 test INFO   total_num_clients: 12
23:35:29,836 test INFO   total_rounds: 10
23:35:29,836 test INFO client_config:
23:35:29,836 test INFO   minibatch_time: 0
23:35:29,836 test INFO server_config:
23:35:29,836 test INFO   test_bs: 64
23:35:29,836 test INFO   seed: 1201
23:35:29,836 test INFO   use_gpu: False
23:35:29,836 test INFO   save_path: ../results
23:35:29,836 test INFO =============================
23:35:30,609 test INFO CID0_DATA_LOADED, NUM_ITEMS:4146/461
23:35:31,275 test INFO CID1_DATA_LOADED, NUM_ITEMS:4168/464
23:35:32,446 test INFO CID2_DATA_LOADED, NUM_ITEMS:6761/752
23:35:32,489 test INFO CID3_DATA_LOADED, NUM_ITEMS:216/24
23:35:32,559 test INFO CID4_DATA_LOADED, NUM_ITEMS:445/50
23:35:33,150 test INFO CID5_DATA_LOADED, NUM_ITEMS:4201/467
23:35:33,884 test INFO CID6_DATA_LOADED, NUM_ITEMS:3574/398
23:35:34,575 test INFO CID7_DATA_LOADED, NUM_ITEMS:4797/533
23:35:35,147 test INFO CID8_DATA_LOADED, NUM_ITEMS:3955/440
23:35:35,693 test INFO CID9_DATA_LOADED, NUM_ITEMS:3929/437
23:35:36,436 test INFO CID10_DATA_LOADED, NUM_ITEMS:4245/472
23:35:37,40 test INFO CID11_DATA_LOADED, NUM_ITEMS:4558/507
23:35:37,194 test INFO GLOBAL_DATA_LOADED, NUM_ITEMS:10000
23:35:37,201 test INFO SELECTED_CLIENTS:[10, 11, 8]
23:35:51,122 test INFO TIME_TAKEN:13.918603658676147
23:35:51,122 test INFO MINIBATCHES:795
23:35:51,122 test INFO LOSS:0.0031383961904793978
23:35:51,122 test INFO ACCURACY:99.34
23:36:04,278 test INFO TIME_TAKEN:13.156423568725586
23:36:04,278 test INFO MINIBATCHES:852
23:36:04,278 test INFO LOSS:0.020959965884685516
23:36:04,278 test INFO ACCURACY:98.636
23:36:15,662 test INFO TIME_TAKEN:11.38433313369751
23:36:15,662 test INFO MINIBATCHES:741
23:36:15,662 test INFO LOSS:5.796336154162418e-06
23:36:15,662 test INFO ACCURACY:100.0
23:36:21,296 test INFO GLOBAL MODEL: Total Accuracy = 0.1
23:36:21,298 test INFO GLOBAL MODEL: Loss = 3.2885040993903094
23:36:21,299 test INFO === Time Statistics ===
23:36:21,299 test INFO TOTAL_CLIENT_SELECTION_TIME:0.0000
23:36:21,299 test INFO TOTAL_ACTUAL_TRAINING_TIME:38.4614
23:36:21,299 test INFO SIM_TRAINING_ROUND_TIME:0.0000
23:36:21,299 test INFO TOTAL_AGGREGATION_TIME:0.0120
23:36:21,299 test INFO TOTAL_VALIDATION_TIME:5.6236
23:36:21,299 test INFO ===========================
23:36:21,301 test INFO SELECTED_CLIENTS:[3, 11, 0]
23:36:22,491 test INFO TIME_TAKEN:1.1905591487884521
23:36:22,491 test INFO MINIBATCHES:39
23:36:22,491 test INFO LOSS:0.9127300381660461
23:36:22,491 test INFO ACCURACY:55.288
23:36:36,51 test INFO TIME_TAKEN:13.559295892715454
23:36:36,51 test INFO MINIBATCHES:852
23:36:36,51 test INFO LOSS:0.017601577565073967
23:36:36,51 test INFO ACCURACY:98.658
23:36:47,39 test INFO TIME_TAKEN:10.988553285598755
23:36:47,39 test INFO MINIBATCHES:777
23:36:47,39 test INFO LOSS:0.6930029988288879
23:36:47,39 test INFO ACCURACY:73.166
23:36:53,405 test INFO GLOBAL MODEL: Total Accuracy = 0.1368
23:36:53,405 test INFO GLOBAL MODEL: Loss = 3.456576798372208
23:36:53,405 test INFO === Time Statistics ===
23:36:53,405 test INFO TOTAL_CLIENT_SELECTION_TIME:0.0000
23:36:53,405 test INFO TOTAL_ACTUAL_TRAINING_TIME:64.1998
23:36:53,405 test INFO SIM_TRAINING_ROUND_TIME:0.0000
23:36:53,405 test INFO TOTAL_AGGREGATION_TIME:0.0120
23:36:53,405 test INFO TOTAL_VALIDATION_TIME:11.9895
23:36:53,405 test INFO ===========================
23:36:53,405 test INFO SELECTED_CLIENTS:[3, 6, 1]
23:36:54,611 test INFO TIME_TAKEN:1.205902099609375
23:36:54,611 test INFO MINIBATCHES:39
23:36:54,611 test INFO LOSS:0.9242352843284607
23:36:54,611 test INFO ACCURACY:53.846
23:37:05,212 test INFO TIME_TAKEN:10.600906610488892
23:37:05,212 test INFO MINIBATCHES:669
23:37:05,212 test INFO LOSS:0.0035483846440911293
23:37:05,212 test INFO ACCURACY:99.327
23:37:16,956 test INFO TIME_TAKEN:11.743848323822021
23:37:16,956 test INFO MINIBATCHES:780
23:37:16,956 test INFO LOSS:0.16637596487998962
23:37:16,956 test INFO ACCURACY:91.611
23:37:22,264 test INFO GLOBAL MODEL: Total Accuracy = 0.1342
23:37:22,265 test INFO GLOBAL MODEL: Loss = 4.441989505366915
23:37:22,266 test INFO === Time Statistics ===
23:37:22,267 test INFO TOTAL_CLIENT_SELECTION_TIME:0.0000
23:37:22,267 test INFO TOTAL_ACTUAL_TRAINING_TIME:87.7504
23:37:22,267 test INFO SIM_TRAINING_ROUND_TIME:0.0000
23:37:22,267 test INFO TOTAL_AGGREGATION_TIME:0.0256
23:37:22,267 test INFO TOTAL_VALIDATION_TIME:17.2849
23:37:22,267 test INFO ===========================
23:37:22,268 test INFO SELECTED_CLIENTS:[3, 11, 0]
23:37:23,581 test INFO TIME_TAKEN:1.3124470710754395
23:37:23,587 test INFO MINIBATCHES:39
23:37:23,587 test INFO LOSS:0.6373313665390015
23:37:23,587 test INFO ACCURACY:66.346
23:37:38,94 test INFO TIME_TAKEN:14.506874561309814
23:37:38,94 test INFO MINIBATCHES:852
23:37:38,94 test INFO LOSS:0.03399810194969177
23:37:38,94 test INFO ACCURACY:98.636
23:37:49,523 test INFO TIME_TAKEN:11.429014444351196
23:37:49,523 test INFO MINIBATCHES:777
23:37:49,523 test INFO LOSS:0.5384050607681274
23:37:49,523 test INFO ACCURACY:75.724
23:37:54,666 test INFO GLOBAL MODEL: Total Accuracy = 0.2107
23:37:54,666 test INFO GLOBAL MODEL: Loss = 3.5734833000571866
23:37:54,681 test INFO === Time Statistics ===
23:37:54,681 test INFO TOTAL_CLIENT_SELECTION_TIME:0.0007
23:37:54,681 test INFO TOTAL_ACTUAL_TRAINING_TIME:115.0055
23:37:54,681 test INFO SIM_TRAINING_ROUND_TIME:0.0000
23:37:54,681 test INFO TOTAL_AGGREGATION_TIME:0.0256
23:37:54,681 test INFO TOTAL_VALIDATION_TIME:22.4280
23:37:54,681 test INFO ===========================
23:37:54,681 test INFO SELECTED_CLIENTS:[8, 11, 5]
23:38:08,546 test INFO TIME_TAKEN:13.864196062088013
23:38:08,546 test INFO MINIBATCHES:741
23:38:08,546 test INFO LOSS:3.170031413901597e-05
23:38:08,546 test INFO ACCURACY:100.0
23:38:21,629 test INFO TIME_TAKEN:13.083286046981812
23:38:21,629 test INFO MINIBATCHES:852
23:38:21,629 test INFO LOSS:0.01676170341670513
23:38:21,637 test INFO ACCURACY:98.724
23:38:33,258 test INFO TIME_TAKEN:11.621043682098389
23:38:33,258 test INFO MINIBATCHES:786
23:38:33,258 test INFO LOSS:0.00016098175547085702
23:38:33,258 test INFO ACCURACY:100.0
23:38:38,996 test INFO GLOBAL MODEL: Total Accuracy = 0.1835
23:38:38,996 test INFO GLOBAL MODEL: Loss = 3.2040433033256774
23:38:38,996 test INFO === Time Statistics ===
23:38:38,996 test INFO TOTAL_CLIENT_SELECTION_TIME:0.0007
23:38:38,996 test INFO TOTAL_ACTUAL_TRAINING_TIME:153.5826
23:38:38,996 test INFO SIM_TRAINING_ROUND_TIME:0.0000
23:38:38,996 test INFO TOTAL_AGGREGATION_TIME:0.0256
23:38:38,996 test INFO TOTAL_VALIDATION_TIME:28.1652
23:38:38,996 test INFO ===========================
23:38:38,996 test INFO SELECTED_CLIENTS:[0, 4, 11]
23:38:56,419 test INFO TIME_TAKEN:17.42371153831482
23:38:56,419 test INFO MINIBATCHES:777
23:38:56,419 test INFO LOSS:1.1921957731246948
23:38:56,419 test INFO ACCURACY:76.737
23:38:57,648 test INFO TIME_TAKEN:1.2290911674499512
23:38:57,654 test INFO MINIBATCHES:81
23:38:57,654 test INFO LOSS:0.09179143607616425
23:38:57,654 test INFO ACCURACY:90.046
23:39:10,524 test INFO TIME_TAKEN:12.869944334030151
23:39:10,524 test INFO MINIBATCHES:852
23:39:10,524 test INFO LOSS:0.019702449440956116
23:39:10,524 test INFO ACCURACY:98.68
23:39:16,192 test INFO GLOBAL MODEL: Total Accuracy = 0.2261
23:39:16,192 test INFO GLOBAL MODEL: Loss = 3.1516369148424475
23:39:16,194 test INFO === Time Statistics ===
23:39:16,194 test INFO TOTAL_CLIENT_SELECTION_TIME:0.0007
23:39:16,194 test INFO TOTAL_ACTUAL_TRAINING_TIME:185.1113
23:39:16,194 test INFO SIM_TRAINING_ROUND_TIME:0.0000
23:39:16,194 test INFO TOTAL_AGGREGATION_TIME:0.0330
23:39:16,195 test INFO TOTAL_VALIDATION_TIME:33.8255
23:39:16,195 test INFO ===========================
23:39:16,195 test INFO SELECTED_CLIENTS:[6, 3, 2]
23:39:28,309 test INFO TIME_TAKEN:12.113728284835815
23:39:28,309 test INFO MINIBATCHES:669
23:39:28,309 test INFO LOSS:0.002058691345155239
23:39:28,309 test INFO ACCURACY:99.327
23:39:28,892 test INFO TIME_TAKEN:0.5836102962493896
23:39:28,892 test INFO MINIBATCHES:39
23:39:28,892 test INFO LOSS:0.5962918400764465
23:39:28,892 test INFO ACCURACY:72.596
23:39:48,241 test INFO TIME_TAKEN:19.349004983901978
23:39:48,241 test INFO MINIBATCHES:1266
23:39:48,241 test INFO LOSS:0.24984139204025269
23:39:48,241 test INFO ACCURACY:82.924
23:39:53,808 test INFO GLOBAL MODEL: Total Accuracy = 0.11
23:39:53,808 test INFO GLOBAL MODEL: Loss = 7.161595013490908
23:39:53,808 test INFO === Time Statistics ===
23:39:53,808 test INFO TOTAL_CLIENT_SELECTION_TIME:0.0007
23:39:53,808 test INFO TOTAL_ACTUAL_TRAINING_TIME:217.1577
23:39:53,808 test INFO SIM_TRAINING_ROUND_TIME:0.0000
23:39:53,808 test INFO TOTAL_AGGREGATION_TIME:0.0486
23:39:53,808 test INFO TOTAL_VALIDATION_TIME:39.3770
23:39:53,808 test INFO ===========================
23:39:53,808 test INFO SELECTED_CLIENTS:[1, 3, 7]
23:40:06,549 test INFO TIME_TAKEN:12.740548133850098
23:40:06,549 test INFO MINIBATCHES:780
23:40:06,549 test INFO LOSS:0.18920809030532837
23:40:06,549 test INFO ACCURACY:94.159
23:40:07,142 test INFO TIME_TAKEN:0.592440128326416
23:40:07,142 test INFO MINIBATCHES:39
23:40:07,142 test INFO LOSS:0.8918261528015137
23:40:07,142 test INFO ACCURACY:68.75
23:40:20,847 test INFO TIME_TAKEN:13.704284429550171
23:40:20,847 test INFO MINIBATCHES:897
23:40:20,847 test INFO LOSS:0.6059830188751221
23:40:20,847 test INFO ACCURACY:76.066
23:40:26,395 test INFO GLOBAL MODEL: Total Accuracy = 0.1779
23:40:26,395 test INFO GLOBAL MODEL: Loss = 3.8564354447042866
23:40:26,399 test INFO === Time Statistics ===
23:40:26,399 test INFO TOTAL_CLIENT_SELECTION_TIME:0.0007
23:40:26,399 test INFO TOTAL_ACTUAL_TRAINING_TIME:244.1960
23:40:26,399 test INFO SIM_TRAINING_ROUND_TIME:0.0000
23:40:26,399 test INFO TOTAL_AGGREGATION_TIME:0.0539
23:40:26,399 test INFO TOTAL_VALIDATION_TIME:44.9201
23:40:26,399 test INFO ===========================
23:40:26,399 test INFO SELECTED_CLIENTS:[0, 10, 11]
23:40:38,735 test INFO TIME_TAKEN:12.333284378051758
23:40:38,735 test INFO MINIBATCHES:777
23:40:38,735 test INFO LOSS:0.6803731322288513
23:40:38,735 test INFO ACCURACY:78.596
23:40:50,229 test INFO TIME_TAKEN:11.493683338165283
23:40:50,229 test INFO MINIBATCHES:795
23:40:50,229 test INFO LOSS:0.004202139563858509
23:40:50,229 test INFO ACCURACY:99.34
23:41:02,496 test INFO TIME_TAKEN:12.26677918434143
23:41:02,496 test INFO MINIBATCHES:852
23:41:02,496 test INFO LOSS:0.005839738063514233
23:41:02,496 test INFO ACCURACY:98.746
23:41:07,886 test INFO GLOBAL MODEL: Total Accuracy = 0.2589
23:41:07,886 test INFO GLOBAL MODEL: Loss = 2.5244542185667975
23:41:07,887 test INFO === Time Statistics ===
23:41:07,888 test INFO TOTAL_CLIENT_SELECTION_TIME:0.0007
23:41:07,888 test INFO TOTAL_ACTUAL_TRAINING_TIME:280.2930
23:41:07,888 test INFO SIM_TRAINING_ROUND_TIME:0.0000
23:41:07,888 test INFO TOTAL_AGGREGATION_TIME:0.0539
23:41:07,888 test INFO TOTAL_VALIDATION_TIME:50.3101
23:41:07,888 test INFO ===========================
23:41:07,888 test INFO SELECTED_CLIENTS:[11, 4, 7]
23:41:21,263 test INFO TIME_TAKEN:13.374706745147705
23:41:21,263 test INFO MINIBATCHES:852
23:41:21,263 test INFO LOSS:0.004087645094841719
23:41:21,263 test INFO ACCURACY:98.834
23:41:22,456 test INFO TIME_TAKEN:1.1926076412200928
23:41:22,456 test INFO MINIBATCHES:81
23:41:22,456 test INFO LOSS:0.15732313692569733
23:41:22,456 test INFO ACCURACY:94.213
23:41:35,429 test INFO TIME_TAKEN:12.97223687171936
23:41:35,429 test INFO MINIBATCHES:897
23:41:35,429 test INFO LOSS:0.14266197383403778
23:41:35,429 test INFO ACCURACY:77.696
23:41:41,342 test INFO GLOBAL MODEL: Total Accuracy = 0.2292
23:41:41,342 test INFO GLOBAL MODEL: Loss = 2.900513885886806
23:41:41,342 test INFO === Time Statistics ===
23:41:41,342 test INFO TOTAL_CLIENT_SELECTION_TIME:0.0007
23:41:41,342 test INFO TOTAL_ACTUAL_TRAINING_TIME:307.8343
23:41:41,342 test INFO SIM_TRAINING_ROUND_TIME:0.0000
23:41:41,342 test INFO TOTAL_AGGREGATION_TIME:0.0555
23:41:41,342 test INFO TOTAL_VALIDATION_TIME:56.2212
23:41:41,342 test INFO ===========================
