23:14:16,496 test INFO === EXPERIMENT CONFIGURATION ===
23:14:16,496 test INFO ML_config:
23:14:16,496 test INFO   model_args: {'num_classes': 10}
23:14:16,496 test INFO   train_config: {'epochs': 3, 'lr': 0.0001, 'train_bs': 16}
23:14:16,496 test INFO   test_config: {'test_bs': 64}
23:14:16,496 test INFO   initial_model_path: initial_models
23:14:16,496 test INFO   dataset_dir: C:\Users\pinky\Downloads\ACM_Workshop_SYSML-main (1)\ACM_Workshop_SYSML-main\data\CIFAR10_dirichlet0.05_12
23:14:16,496 test INFO   dataset_id: CIFAR10_dirichlet0.05_12
23:14:16,496 test INFO   model_file_path: C:\Users\pinky\Downloads\ACM_Workshop_SYSML-main (1)\ACM_Workshop_SYSML-main\models\CNN.py
23:14:16,496 test INFO   model_id: CNN_model
23:14:16,496 test INFO FL_config:
23:14:16,496 test INFO   Agg_algo: fedavg
23:14:16,496 test INFO   Agg_args: None
23:14:16,496 test INFO   CS_algo: random
23:14:16,496 test INFO   CS_args: None
23:14:16,496 test INFO   clients_per_round: 3
23:14:16,496 test INFO   total_num_clients: 12
23:14:16,496 test INFO   total_rounds: 20
23:14:16,496 test INFO client_config:
23:14:16,496 test INFO   minibatch_time: 0
23:14:16,496 test INFO server_config:
23:14:16,496 test INFO   test_bs: 64
23:14:16,496 test INFO   seed: 1201
23:14:16,496 test INFO   use_gpu: False
23:14:16,496 test INFO   save_path: ../results
23:14:16,496 test INFO =============================
23:14:16,879 test INFO CID0_DATA_LOADED, NUM_ITEMS:4146/461
23:14:17,213 test INFO CID1_DATA_LOADED, NUM_ITEMS:4168/464
23:14:17,820 test INFO CID2_DATA_LOADED, NUM_ITEMS:6761/752
23:14:17,847 test INFO CID3_DATA_LOADED, NUM_ITEMS:216/24
23:14:17,888 test INFO CID4_DATA_LOADED, NUM_ITEMS:445/50
23:14:18,217 test INFO CID5_DATA_LOADED, NUM_ITEMS:4201/467
23:14:18,594 test INFO CID6_DATA_LOADED, NUM_ITEMS:3574/398
23:14:18,948 test INFO CID7_DATA_LOADED, NUM_ITEMS:4797/533
23:14:19,251 test INFO CID8_DATA_LOADED, NUM_ITEMS:3955/440
23:14:19,664 test INFO CID9_DATA_LOADED, NUM_ITEMS:3929/437
23:14:19,985 test INFO CID10_DATA_LOADED, NUM_ITEMS:4245/472
23:14:20,327 test INFO CID11_DATA_LOADED, NUM_ITEMS:4558/507
23:14:20,476 test INFO GLOBAL_DATA_LOADED, NUM_ITEMS:10000
23:14:20,484 test INFO SELECTED_CLIENTS:[10, 11, 8]
23:14:25,258 test INFO GLOBAL MODEL: Total Accuracy = 0.0958
23:14:25,258 test INFO GLOBAL MODEL: Loss = 2.3040394858949504
23:14:25,258 test INFO === Time Statistics ===
23:14:25,258 test INFO TOTAL_CLIENT_SELECTION_TIME:0.0005
23:14:25,258 test INFO TOTAL_ACTUAL_TRAINING_TIME:2.5077
23:14:25,258 test INFO SIM_TRAINING_ROUND_TIME:0.0000
23:14:25,258 test INFO TOTAL_AGGREGATION_TIME:0.0231
23:14:25,258 test INFO TOTAL_VALIDATION_TIME:2.2433
23:14:25,258 test INFO ===========================
23:14:25,258 test INFO SELECTED_CLIENTS:[3, 11, 0]
23:14:29,140 test INFO GLOBAL MODEL: Total Accuracy = 0.0886
23:14:29,140 test INFO GLOBAL MODEL: Loss = 2.3038488937790986
23:14:29,140 test INFO === Time Statistics ===
23:14:29,140 test INFO TOTAL_CLIENT_SELECTION_TIME:0.0005
23:14:29,140 test INFO TOTAL_ACTUAL_TRAINING_TIME:4.1117
23:14:29,140 test INFO SIM_TRAINING_ROUND_TIME:0.0000
23:14:29,140 test INFO TOTAL_AGGREGATION_TIME:0.0261
23:14:29,140 test INFO TOTAL_VALIDATION_TIME:4.5156
23:14:29,140 test INFO ===========================
23:14:29,140 test INFO SELECTED_CLIENTS:[3, 6, 1]
23:14:33,93 test INFO GLOBAL MODEL: Total Accuracy = 0.088
23:14:33,93 test INFO GLOBAL MODEL: Loss = 2.3036693357358313
23:14:33,93 test INFO === Time Statistics ===
23:14:33,93 test INFO TOTAL_CLIENT_SELECTION_TIME:0.0005
23:14:33,93 test INFO TOTAL_ACTUAL_TRAINING_TIME:5.7690
23:14:33,93 test INFO SIM_TRAINING_ROUND_TIME:0.0000
23:14:33,93 test INFO TOTAL_AGGREGATION_TIME:0.0301
23:14:33,93 test INFO TOTAL_VALIDATION_TIME:6.8077
23:14:33,93 test INFO ===========================
23:14:33,93 test INFO SELECTED_CLIENTS:[3, 11, 0]
23:14:36,953 test INFO GLOBAL MODEL: Total Accuracy = 0.0841
23:14:36,953 test INFO GLOBAL MODEL: Loss = 2.303540143237752
23:14:36,953 test INFO === Time Statistics ===
23:14:36,953 test INFO TOTAL_CLIENT_SELECTION_TIME:0.0005
23:14:36,953 test INFO TOTAL_ACTUAL_TRAINING_TIME:7.4065
23:14:36,953 test INFO SIM_TRAINING_ROUND_TIME:0.0000
23:14:36,953 test INFO TOTAL_AGGREGATION_TIME:0.0488
23:14:36,953 test INFO TOTAL_VALIDATION_TIME:9.0114
23:14:36,953 test INFO ===========================
23:14:36,953 test INFO SELECTED_CLIENTS:[8, 11, 5]
23:14:41,788 test INFO GLOBAL MODEL: Total Accuracy = 0.0846
23:14:41,788 test INFO GLOBAL MODEL: Loss = 2.30342271829107
23:14:41,788 test INFO === Time Statistics ===
23:14:41,788 test INFO TOTAL_CLIENT_SELECTION_TIME:0.0005
23:14:41,788 test INFO TOTAL_ACTUAL_TRAINING_TIME:9.8864
23:14:41,788 test INFO SIM_TRAINING_ROUND_TIME:0.0000
23:14:41,788 test INFO TOTAL_AGGREGATION_TIME:0.0639
23:14:41,788 test INFO TOTAL_VALIDATION_TIME:11.3361
23:14:41,788 test INFO ===========================
23:14:41,788 test INFO SELECTED_CLIENTS:[0, 4, 11]
23:14:45,940 test INFO GLOBAL MODEL: Total Accuracy = 0.0823
23:14:45,940 test INFO GLOBAL MODEL: Loss = 2.303338585385851
23:14:45,940 test INFO === Time Statistics ===
23:14:45,940 test INFO TOTAL_CLIENT_SELECTION_TIME:0.0005
23:14:45,940 test INFO TOTAL_ACTUAL_TRAINING_TIME:11.6986
23:14:45,940 test INFO SIM_TRAINING_ROUND_TIME:0.0000
23:14:45,940 test INFO TOTAL_AGGREGATION_TIME:0.0639
23:14:45,940 test INFO TOTAL_VALIDATION_TIME:13.6756
23:14:45,940 test INFO ===========================
23:14:45,940 test INFO SELECTED_CLIENTS:[6, 3, 2]
23:14:50,22 test INFO GLOBAL MODEL: Total Accuracy = 0.0815
23:14:50,22 test INFO GLOBAL MODEL: Loss = 2.3032029009169075
23:14:50,22 test INFO === Time Statistics ===
23:14:50,22 test INFO TOTAL_CLIENT_SELECTION_TIME:0.0005
23:14:50,22 test INFO TOTAL_ACTUAL_TRAINING_TIME:13.3965
23:14:50,22 test INFO SIM_TRAINING_ROUND_TIME:0.0000
23:14:50,22 test INFO TOTAL_AGGREGATION_TIME:0.0639
23:14:50,22 test INFO TOTAL_VALIDATION_TIME:16.0596
23:14:50,22 test INFO ===========================
23:14:50,22 test INFO SELECTED_CLIENTS:[1, 3, 7]
23:14:54,100 test INFO GLOBAL MODEL: Total Accuracy = 0.0907
23:14:54,100 test INFO GLOBAL MODEL: Loss = 2.3032518268390825
23:14:54,100 test INFO === Time Statistics ===
23:14:54,100 test INFO TOTAL_CLIENT_SELECTION_TIME:0.0005
23:14:54,100 test INFO TOTAL_ACTUAL_TRAINING_TIME:15.1764
23:14:54,100 test INFO SIM_TRAINING_ROUND_TIME:0.0000
23:14:54,100 test INFO TOTAL_AGGREGATION_TIME:0.0666
23:14:54,100 test INFO TOTAL_VALIDATION_TIME:18.3550
23:14:54,100 test INFO ===========================
23:14:54,100 test INFO SELECTED_CLIENTS:[0, 10, 11]
23:14:58,656 test INFO GLOBAL MODEL: Total Accuracy = 0.0879
23:14:58,656 test INFO GLOBAL MODEL: Loss = 2.3032153548708387
23:14:58,656 test INFO === Time Statistics ===
23:14:58,656 test INFO TOTAL_CLIENT_SELECTION_TIME:0.0005
23:14:58,656 test INFO TOTAL_ACTUAL_TRAINING_TIME:17.3999
23:14:58,656 test INFO SIM_TRAINING_ROUND_TIME:0.0000
23:14:58,656 test INFO TOTAL_AGGREGATION_TIME:0.0714
23:14:58,656 test INFO TOTAL_VALIDATION_TIME:20.6829
23:14:58,656 test INFO ===========================
23:14:58,656 test INFO SELECTED_CLIENTS:[11, 4, 7]
23:15:02,727 test INFO GLOBAL MODEL: Total Accuracy = 0.0877
23:15:02,727 test INFO GLOBAL MODEL: Loss = 2.3032535656242614
23:15:02,727 test INFO === Time Statistics ===
23:15:02,727 test INFO TOTAL_CLIENT_SELECTION_TIME:0.0005
23:15:02,727 test INFO TOTAL_ACTUAL_TRAINING_TIME:19.1226
23:15:02,727 test INFO SIM_TRAINING_ROUND_TIME:0.0000
23:15:02,727 test INFO TOTAL_AGGREGATION_TIME:0.0714
23:15:02,727 test INFO TOTAL_VALIDATION_TIME:23.0312
23:15:02,727 test INFO ===========================
23:15:02,727 test INFO SELECTED_CLIENTS:[6, 3, 10]
23:15:06,877 test INFO GLOBAL MODEL: Total Accuracy = 0.0842
23:15:06,877 test INFO GLOBAL MODEL: Loss = 2.30315651559526
23:15:06,877 test INFO === Time Statistics ===
23:15:06,877 test INFO TOTAL_CLIENT_SELECTION_TIME:0.0005
23:15:06,877 test INFO TOTAL_ACTUAL_TRAINING_TIME:20.8844
23:15:06,877 test INFO SIM_TRAINING_ROUND_TIME:0.0000
23:15:06,877 test INFO TOTAL_AGGREGATION_TIME:0.0742
23:15:06,877 test INFO TOTAL_VALIDATION_TIME:25.4162
23:15:06,877 test INFO ===========================
23:15:06,877 test INFO SELECTED_CLIENTS:[11, 10, 2]
23:15:11,835 test INFO GLOBAL MODEL: Total Accuracy = 0.0882
23:15:11,835 test INFO GLOBAL MODEL: Loss = 2.303103187281615
23:15:11,835 test INFO === Time Statistics ===
23:15:11,835 test INFO TOTAL_CLIENT_SELECTION_TIME:0.0005
23:15:11,835 test INFO TOTAL_ACTUAL_TRAINING_TIME:23.4310
23:15:11,835 test INFO SIM_TRAINING_ROUND_TIME:0.0000
23:15:11,835 test INFO TOTAL_AGGREGATION_TIME:0.0898
23:15:11,835 test INFO TOTAL_VALIDATION_TIME:27.8127
23:15:11,835 test INFO ===========================
23:15:11,835 test INFO SELECTED_CLIENTS:[1, 4, 3]
23:15:15,213 test INFO GLOBAL MODEL: Total Accuracy = 0.0978
23:15:15,214 test INFO GLOBAL MODEL: Loss = 2.3031475893251456
23:15:15,214 test INFO === Time Statistics ===
23:15:15,214 test INFO TOTAL_CLIENT_SELECTION_TIME:0.0005
23:15:15,214 test INFO TOTAL_ACTUAL_TRAINING_TIME:24.5190
23:15:15,214 test INFO SIM_TRAINING_ROUND_TIME:0.0000
23:15:15,214 test INFO TOTAL_AGGREGATION_TIME:0.0951
23:15:15,214 test INFO TOTAL_VALIDATION_TIME:30.0979
23:15:15,214 test INFO ===========================
23:15:15,215 test INFO SELECTED_CLIENTS:[0, 1, 11]
23:15:20,5 test INFO GLOBAL MODEL: Total Accuracy = 0.0996
23:15:20,5 test INFO GLOBAL MODEL: Loss = 2.30318073254482
23:15:20,5 test INFO === Time Statistics ===
23:15:20,5 test INFO TOTAL_CLIENT_SELECTION_TIME:0.0015
23:15:20,5 test INFO TOTAL_ACTUAL_TRAINING_TIME:26.8857
23:15:20,5 test INFO SIM_TRAINING_ROUND_TIME:0.0000
23:15:20,5 test INFO TOTAL_AGGREGATION_TIME:0.1001
23:15:20,5 test INFO TOTAL_VALIDATION_TIME:32.5166
23:15:20,5 test INFO ===========================
23:15:20,5 test INFO SELECTED_CLIENTS:[9, 7, 11]
23:15:24,783 test INFO GLOBAL MODEL: Total Accuracy = 0.0994
23:15:24,783 test INFO GLOBAL MODEL: Loss = 2.303182770492165
23:15:24,784 test INFO === Time Statistics ===
23:15:24,784 test INFO TOTAL_CLIENT_SELECTION_TIME:0.0015
23:15:24,784 test INFO TOTAL_ACTUAL_TRAINING_TIME:29.2978
23:15:24,784 test INFO SIM_TRAINING_ROUND_TIME:0.0000
23:15:24,784 test INFO TOTAL_AGGREGATION_TIME:0.1001
23:15:24,784 test INFO TOTAL_VALIDATION_TIME:34.8827
23:15:24,784 test INFO ===========================
23:15:24,784 test INFO SELECTED_CLIENTS:[11, 0, 3]
23:15:28,799 test INFO GLOBAL MODEL: Total Accuracy = 0.0979
23:15:28,799 test INFO GLOBAL MODEL: Loss = 2.3032121521652122
23:15:28,799 test INFO === Time Statistics ===
23:15:28,799 test INFO TOTAL_CLIENT_SELECTION_TIME:0.0015
23:15:28,799 test INFO TOTAL_ACTUAL_TRAINING_TIME:30.9126
23:15:28,799 test INFO SIM_TRAINING_ROUND_TIME:0.0000
23:15:28,799 test INFO TOTAL_AGGREGATION_TIME:0.1001
23:15:28,799 test INFO TOTAL_VALIDATION_TIME:37.2829
23:15:28,799 test INFO ===========================
23:15:28,799 test INFO SELECTED_CLIENTS:[0, 3, 1]
23:15:33,91 test INFO GLOBAL MODEL: Total Accuracy = 0.0999
23:15:33,91 test INFO GLOBAL MODEL: Loss = 2.303259600499633
23:15:33,91 test INFO === Time Statistics ===
23:15:33,91 test INFO TOTAL_CLIENT_SELECTION_TIME:0.0015
23:15:33,91 test INFO TOTAL_ACTUAL_TRAINING_TIME:32.7119
23:15:33,91 test INFO SIM_TRAINING_ROUND_TIME:0.0000
23:15:33,91 test INFO TOTAL_AGGREGATION_TIME:0.1001
23:15:33,91 test INFO TOTAL_VALIDATION_TIME:39.7752
23:15:33,91 test INFO ===========================
23:15:33,91 test INFO SELECTED_CLIENTS:[2, 7, 0]
23:15:38,172 test INFO GLOBAL MODEL: Total Accuracy = 0.099
23:15:38,172 test INFO GLOBAL MODEL: Loss = 2.303240068399223
23:15:38,172 test INFO === Time Statistics ===
23:15:38,172 test INFO TOTAL_CLIENT_SELECTION_TIME:0.0015
23:15:38,172 test INFO TOTAL_ACTUAL_TRAINING_TIME:35.2445
23:15:38,172 test INFO SIM_TRAINING_ROUND_TIME:0.0000
23:15:38,172 test INFO TOTAL_AGGREGATION_TIME:0.1001
23:15:38,172 test INFO TOTAL_VALIDATION_TIME:42.3237
23:15:38,172 test INFO ===========================
23:15:38,172 test INFO SELECTED_CLIENTS:[10, 3, 9]
23:15:42,455 test INFO GLOBAL MODEL: Total Accuracy = 0.0973
23:15:42,455 test INFO GLOBAL MODEL: Loss = 2.3030681549363834
23:15:42,455 test INFO === Time Statistics ===
23:15:42,455 test INFO TOTAL_CLIENT_SELECTION_TIME:0.0015
23:15:42,455 test INFO TOTAL_ACTUAL_TRAINING_TIME:37.0711
23:15:42,455 test INFO SIM_TRAINING_ROUND_TIME:0.0000
23:15:42,455 test INFO TOTAL_AGGREGATION_TIME:0.1001
23:15:42,455 test INFO TOTAL_VALIDATION_TIME:44.7640
23:15:42,455 test INFO ===========================
23:15:42,455 test INFO SELECTED_CLIENTS:[0, 1, 7]
23:15:47,653 test INFO GLOBAL MODEL: Total Accuracy = 0.0986
23:15:47,653 test INFO GLOBAL MODEL: Loss = 2.303162703848189
23:15:47,655 test INFO === Time Statistics ===
23:15:47,655 test INFO TOTAL_CLIENT_SELECTION_TIME:0.0015
23:15:47,655 test INFO TOTAL_ACTUAL_TRAINING_TIME:39.6736
23:15:47,655 test INFO SIM_TRAINING_ROUND_TIME:0.0000
23:15:47,655 test INFO TOTAL_AGGREGATION_TIME:0.1005
23:15:47,655 test INFO TOTAL_VALIDATION_TIME:47.3595
23:15:47,655 test INFO ===========================
