22:59:11,577 test INFO === EXPERIMENT CONFIGURATION ===
22:59:11,577 test INFO ML_config:
22:59:11,577 test INFO   model_args: {'num_classes': 10}
22:59:11,577 test INFO   train_config: {'epochs': 3, 'lr': 0.0001, 'train_bs': 16}
22:59:11,577 test INFO   test_config: {'test_bs': 64}
22:59:11,577 test INFO   initial_model_path: initial_models
22:59:11,577 test INFO   dataset_dir: C:\Users\pinky\Downloads\ACM_Workshop_SYSML-main (1)\ACM_Workshop_SYSML-main\data\CIFAR10_dirichlet0.05_12
22:59:11,577 test INFO   dataset_id: CIFAR10_dirichlet0.05_12
22:59:11,577 test INFO   model_file_path: C:\Users\pinky\Downloads\ACM_Workshop_SYSML-main (1)\ACM_Workshop_SYSML-main\models\CNN.py
22:59:11,577 test INFO   model_id: CNN_model
22:59:11,577 test INFO FL_config:
22:59:11,577 test INFO   Agg_algo: fedavg
22:59:11,577 test INFO   Agg_args: None
22:59:11,577 test INFO   CS_algo: smart
22:59:11,577 test INFO   CS_args: None
22:59:11,577 test INFO   clients_per_round: 3
22:59:11,577 test INFO   total_num_clients: 12
22:59:11,577 test INFO   total_rounds: 20
22:59:11,577 test INFO client_config:
22:59:11,577 test INFO   minibatch_time: 0
22:59:11,577 test INFO server_config:
22:59:11,577 test INFO   test_bs: 64
22:59:11,577 test INFO   seed: 1201
22:59:11,577 test INFO   use_gpu: False
22:59:11,577 test INFO   save_path: ../results
22:59:11,577 test INFO =============================
22:59:11,988 test INFO CID0_DATA_LOADED, NUM_ITEMS:4146/461
22:59:12,347 test INFO CID1_DATA_LOADED, NUM_ITEMS:4168/464
22:59:13,38 test INFO CID2_DATA_LOADED, NUM_ITEMS:6761/752
22:59:13,63 test INFO CID3_DATA_LOADED, NUM_ITEMS:216/24
22:59:13,103 test INFO CID4_DATA_LOADED, NUM_ITEMS:445/50
22:59:13,447 test INFO CID5_DATA_LOADED, NUM_ITEMS:4201/467
22:59:13,884 test INFO CID6_DATA_LOADED, NUM_ITEMS:3574/398
22:59:14,276 test INFO CID7_DATA_LOADED, NUM_ITEMS:4797/533
22:59:14,592 test INFO CID8_DATA_LOADED, NUM_ITEMS:3955/440
22:59:15,55 test INFO CID9_DATA_LOADED, NUM_ITEMS:3929/437
22:59:15,347 test INFO CID10_DATA_LOADED, NUM_ITEMS:4245/472
22:59:15,673 test INFO CID11_DATA_LOADED, NUM_ITEMS:4558/507
22:59:15,763 test INFO GLOBAL_DATA_LOADED, NUM_ITEMS:10000
22:59:15,763 test INFO SELECTED_CLIENTS:[11, 7, 0]
22:59:21,753 test INFO GLOBAL MODEL: Total Accuracy = 0.0845
22:59:21,753 test INFO GLOBAL MODEL: Loss = 2.3039990276288074
22:59:21,753 test INFO === Time Statistics ===
22:59:21,753 test INFO TOTAL_CLIENT_SELECTION_TIME:0.0000
22:59:21,753 test INFO TOTAL_ACTUAL_TRAINING_TIME:3.1093
22:59:21,753 test INFO SIM_TRAINING_ROUND_TIME:0.0000
22:59:21,753 test INFO TOTAL_AGGREGATION_TIME:0.0000
22:59:21,753 test INFO TOTAL_VALIDATION_TIME:2.8808
22:59:21,753 test INFO ===========================
22:59:21,753 test INFO SELECTED_CLIENTS:[11, 7, 0]
22:59:26,166 test INFO GLOBAL MODEL: Total Accuracy = 0.0858
22:59:26,166 test INFO GLOBAL MODEL: Loss = 2.303943517101798
22:59:26,166 test INFO === Time Statistics ===
22:59:26,166 test INFO TOTAL_CLIENT_SELECTION_TIME:0.0000
22:59:26,166 test INFO TOTAL_ACTUAL_TRAINING_TIME:5.3340
22:59:26,166 test INFO SIM_TRAINING_ROUND_TIME:0.0000
22:59:26,166 test INFO TOTAL_AGGREGATION_TIME:0.0130
22:59:26,166 test INFO TOTAL_VALIDATION_TIME:5.0560
22:59:26,166 test INFO ===========================
22:59:26,166 test INFO SELECTED_CLIENTS:[11, 7, 0]
22:59:30,683 test INFO GLOBAL MODEL: Total Accuracy = 0.0935
22:59:30,683 test INFO GLOBAL MODEL: Loss = 2.3039113807070786
22:59:30,683 test INFO === Time Statistics ===
22:59:30,683 test INFO TOTAL_CLIENT_SELECTION_TIME:0.0000
22:59:30,683 test INFO TOTAL_ACTUAL_TRAINING_TIME:7.6228
22:59:30,683 test INFO SIM_TRAINING_ROUND_TIME:0.0000
22:59:30,683 test INFO TOTAL_AGGREGATION_TIME:0.0156
22:59:30,683 test INFO TOTAL_VALIDATION_TIME:7.2822
22:59:30,683 test INFO ===========================
22:59:30,683 test INFO SELECTED_CLIENTS:[11, 7, 0]
22:59:35,119 test INFO GLOBAL MODEL: Total Accuracy = 0.098
22:59:35,119 test INFO GLOBAL MODEL: Loss = 2.303904680689429
22:59:35,119 test INFO === Time Statistics ===
22:59:35,119 test INFO TOTAL_CLIENT_SELECTION_TIME:0.0000
22:59:35,119 test INFO TOTAL_ACTUAL_TRAINING_TIME:9.8204
22:59:35,119 test INFO SIM_TRAINING_ROUND_TIME:0.0000
22:59:35,119 test INFO TOTAL_AGGREGATION_TIME:0.0274
22:59:35,119 test INFO TOTAL_VALIDATION_TIME:9.5086
22:59:35,119 test INFO ===========================
22:59:35,119 test INFO SELECTED_CLIENTS:[11, 7, 0]
22:59:39,678 test INFO GLOBAL MODEL: Total Accuracy = 0.1003
22:59:39,678 test INFO GLOBAL MODEL: Loss = 2.3039227033117013
22:59:39,678 test INFO === Time Statistics ===
22:59:39,678 test INFO TOTAL_CLIENT_SELECTION_TIME:0.0000
22:59:39,678 test INFO TOTAL_ACTUAL_TRAINING_TIME:12.1456
22:59:39,678 test INFO SIM_TRAINING_ROUND_TIME:0.0000
22:59:39,678 test INFO TOTAL_AGGREGATION_TIME:0.0420
22:59:39,678 test INFO TOTAL_VALIDATION_TIME:11.7282
22:59:39,678 test INFO ===========================
22:59:39,678 test INFO SELECTED_CLIENTS:[11, 7, 0]
22:59:44,198 test INFO GLOBAL MODEL: Total Accuracy = 0.1001
22:59:44,198 test INFO GLOBAL MODEL: Loss = 2.303959322583144
22:59:44,198 test INFO === Time Statistics ===
22:59:44,198 test INFO TOTAL_CLIENT_SELECTION_TIME:0.0000
22:59:44,198 test INFO TOTAL_ACTUAL_TRAINING_TIME:14.4048
22:59:44,198 test INFO SIM_TRAINING_ROUND_TIME:0.0000
22:59:44,198 test INFO TOTAL_AGGREGATION_TIME:0.0420
22:59:44,198 test INFO TOTAL_VALIDATION_TIME:13.9887
22:59:44,198 test INFO ===========================
22:59:44,198 test INFO SELECTED_CLIENTS:[11, 7, 0]
22:59:48,636 test INFO GLOBAL MODEL: Total Accuracy = 0.1001
22:59:48,636 test INFO GLOBAL MODEL: Loss = 2.304013367671116
22:59:48,636 test INFO === Time Statistics ===
22:59:48,636 test INFO TOTAL_CLIENT_SELECTION_TIME:0.0000
22:59:48,636 test INFO TOTAL_ACTUAL_TRAINING_TIME:16.6211
22:59:48,636 test INFO SIM_TRAINING_ROUND_TIME:0.0000
22:59:48,636 test INFO TOTAL_AGGREGATION_TIME:0.0420
22:59:48,636 test INFO TOTAL_VALIDATION_TIME:16.2100
22:59:48,636 test INFO ===========================
22:59:48,636 test INFO SELECTED_CLIENTS:[11, 7, 0]
22:59:53,29 test INFO GLOBAL MODEL: Total Accuracy = 0.1
22:59:53,29 test INFO GLOBAL MODEL: Loss = 2.3040856570954533
22:59:53,29 test INFO === Time Statistics ===
22:59:53,29 test INFO TOTAL_CLIENT_SELECTION_TIME:0.0000
22:59:53,29 test INFO TOTAL_ACTUAL_TRAINING_TIME:18.8200
22:59:53,29 test INFO SIM_TRAINING_ROUND_TIME:0.0000
22:59:53,29 test INFO TOTAL_AGGREGATION_TIME:0.0420
22:59:53,29 test INFO TOTAL_VALIDATION_TIME:18.4048
22:59:53,29 test INFO ===========================
22:59:53,43 test INFO SELECTED_CLIENTS:[11, 7, 0]
22:59:57,408 test INFO GLOBAL MODEL: Total Accuracy = 0.1
22:59:57,408 test INFO GLOBAL MODEL: Loss = 2.3041827147174034
22:59:57,408 test INFO === Time Statistics ===
22:59:57,408 test INFO TOTAL_CLIENT_SELECTION_TIME:0.0138
22:59:57,408 test INFO TOTAL_ACTUAL_TRAINING_TIME:20.9951
22:59:57,408 test INFO SIM_TRAINING_ROUND_TIME:0.0000
22:59:57,408 test INFO TOTAL_AGGREGATION_TIME:0.0576
22:59:57,408 test INFO TOTAL_VALIDATION_TIME:20.5791
22:59:57,408 test INFO ===========================
22:59:57,408 test INFO SELECTED_CLIENTS:[11, 7, 0]
23:00:01,918 test INFO GLOBAL MODEL: Total Accuracy = 0.1
23:00:01,918 test INFO GLOBAL MODEL: Loss = 2.3043055336946137
23:00:01,918 test INFO === Time Statistics ===
23:00:01,918 test INFO TOTAL_CLIENT_SELECTION_TIME:0.0138
23:00:01,918 test INFO TOTAL_ACTUAL_TRAINING_TIME:23.2165
23:00:01,918 test INFO SIM_TRAINING_ROUND_TIME:0.0000
23:00:01,918 test INFO TOTAL_AGGREGATION_TIME:0.0576
23:00:01,918 test INFO TOTAL_VALIDATION_TIME:22.8674
23:00:01,918 test INFO ===========================
23:00:01,918 test INFO SELECTED_CLIENTS:[11, 7, 0]
23:00:06,438 test INFO GLOBAL MODEL: Total Accuracy = 0.1
23:00:06,438 test INFO GLOBAL MODEL: Loss = 2.304455374456515
23:00:06,438 test INFO === Time Statistics ===
23:00:06,438 test INFO TOTAL_CLIENT_SELECTION_TIME:0.0138
23:00:06,438 test INFO TOTAL_ACTUAL_TRAINING_TIME:25.4510
23:00:06,438 test INFO SIM_TRAINING_ROUND_TIME:0.0000
23:00:06,438 test INFO TOTAL_AGGREGATION_TIME:0.0733
23:00:06,438 test INFO TOTAL_VALIDATION_TIME:25.1374
23:00:06,438 test INFO ===========================
23:00:06,438 test INFO SELECTED_CLIENTS:[11, 7, 0]
23:00:10,959 test INFO GLOBAL MODEL: Total Accuracy = 0.1
23:00:10,959 test INFO GLOBAL MODEL: Loss = 2.304641347022573
23:00:10,959 test INFO === Time Statistics ===
23:00:10,959 test INFO TOTAL_CLIENT_SELECTION_TIME:0.0138
23:00:10,959 test INFO TOTAL_ACTUAL_TRAINING_TIME:27.6724
23:00:10,959 test INFO SIM_TRAINING_ROUND_TIME:0.0000
23:00:10,959 test INFO TOTAL_AGGREGATION_TIME:0.0733
23:00:10,959 test INFO TOTAL_VALIDATION_TIME:27.4367
23:00:10,959 test INFO ===========================
23:00:10,959 test INFO SELECTED_CLIENTS:[11, 7, 0]
23:00:15,532 test INFO GLOBAL MODEL: Total Accuracy = 0.1
23:00:15,532 test INFO GLOBAL MODEL: Loss = 2.3048697869489145
23:00:15,532 test INFO === Time Statistics ===
23:00:15,532 test INFO TOTAL_CLIENT_SELECTION_TIME:0.0138
23:00:15,532 test INFO TOTAL_ACTUAL_TRAINING_TIME:29.9061
23:00:15,532 test INFO SIM_TRAINING_ROUND_TIME:0.0000
23:00:15,532 test INFO TOTAL_AGGREGATION_TIME:0.0821
23:00:15,532 test INFO TOTAL_VALIDATION_TIME:29.7675
23:00:15,532 test INFO ===========================
23:00:15,532 test INFO SELECTED_CLIENTS:[11, 7, 0]
23:00:20,179 test INFO GLOBAL MODEL: Total Accuracy = 0.1
23:00:20,179 test INFO GLOBAL MODEL: Loss = 2.3051583326546248
23:00:20,179 test INFO === Time Statistics ===
23:00:20,179 test INFO TOTAL_CLIENT_SELECTION_TIME:0.0138
23:00:20,179 test INFO TOTAL_ACTUAL_TRAINING_TIME:32.1830
23:00:20,179 test INFO SIM_TRAINING_ROUND_TIME:0.0000
23:00:20,179 test INFO TOTAL_AGGREGATION_TIME:0.0978
23:00:20,179 test INFO TOTAL_VALIDATION_TIME:32.1215
23:00:20,179 test INFO ===========================
23:00:20,179 test INFO SELECTED_CLIENTS:[11, 7, 0]
23:00:24,771 test INFO GLOBAL MODEL: Total Accuracy = 0.1
23:00:24,771 test INFO GLOBAL MODEL: Loss = 2.305497297056162
23:00:24,771 test INFO === Time Statistics ===
23:00:24,771 test INFO TOTAL_CLIENT_SELECTION_TIME:0.0138
23:00:24,771 test INFO TOTAL_ACTUAL_TRAINING_TIME:34.4541
23:00:24,771 test INFO SIM_TRAINING_ROUND_TIME:0.0000
23:00:24,771 test INFO TOTAL_AGGREGATION_TIME:0.1110
23:00:24,771 test INFO TOTAL_VALIDATION_TIME:34.4293
23:00:24,771 test INFO ===========================
23:00:24,771 test INFO SELECTED_CLIENTS:[11, 7, 0]
23:00:29,516 test INFO GLOBAL MODEL: Total Accuracy = 0.1
23:00:29,516 test INFO GLOBAL MODEL: Loss = 2.3059146267593285
23:00:29,516 test INFO === Time Statistics ===
23:00:29,516 test INFO TOTAL_CLIENT_SELECTION_TIME:0.0138
23:00:29,516 test INFO TOTAL_ACTUAL_TRAINING_TIME:36.7557
23:00:29,516 test INFO SIM_TRAINING_ROUND_TIME:0.0000
23:00:29,516 test INFO TOTAL_AGGREGATION_TIME:0.1110
23:00:29,516 test INFO TOTAL_VALIDATION_TIME:36.8727
23:00:29,516 test INFO ===========================
23:00:29,516 test INFO SELECTED_CLIENTS:[11, 7, 0]
23:00:34,364 test INFO GLOBAL MODEL: Total Accuracy = 0.1
23:00:34,364 test INFO GLOBAL MODEL: Loss = 2.3064321712323816
23:00:34,364 test INFO === Time Statistics ===
23:00:34,364 test INFO TOTAL_CLIENT_SELECTION_TIME:0.0138
23:00:34,364 test INFO TOTAL_ACTUAL_TRAINING_TIME:39.2011
23:00:34,364 test INFO SIM_TRAINING_ROUND_TIME:0.0000
23:00:34,364 test INFO TOTAL_AGGREGATION_TIME:0.1110
23:00:34,364 test INFO TOTAL_VALIDATION_TIME:39.2759
23:00:34,364 test INFO ===========================
23:00:34,364 test INFO SELECTED_CLIENTS:[11, 7, 0]
23:00:39,171 test INFO GLOBAL MODEL: Total Accuracy = 0.1
23:00:39,171 test INFO GLOBAL MODEL: Loss = 2.3070542690860236
23:00:39,171 test INFO === Time Statistics ===
23:00:39,171 test INFO TOTAL_CLIENT_SELECTION_TIME:0.0138
23:00:39,171 test INFO TOTAL_ACTUAL_TRAINING_TIME:41.6060
23:00:39,171 test INFO SIM_TRAINING_ROUND_TIME:0.0000
23:00:39,171 test INFO TOTAL_AGGREGATION_TIME:0.1110
23:00:39,171 test INFO TOTAL_VALIDATION_TIME:41.6772
23:00:39,171 test INFO ===========================
23:00:39,171 test INFO SELECTED_CLIENTS:[11, 7, 0]
23:00:44,0 test INFO GLOBAL MODEL: Total Accuracy = 0.1
23:00:44,0 test INFO GLOBAL MODEL: Loss = 2.3078033954474577
23:00:44,0 test INFO === Time Statistics ===
23:00:44,0 test INFO TOTAL_CLIENT_SELECTION_TIME:0.0138
23:00:44,0 test INFO TOTAL_ACTUAL_TRAINING_TIME:44.0239
23:00:44,0 test INFO SIM_TRAINING_ROUND_TIME:0.0000
23:00:44,0 test INFO TOTAL_AGGREGATION_TIME:0.1110
23:00:44,0 test INFO TOTAL_VALIDATION_TIME:44.0882
23:00:44,0 test INFO ===========================
23:00:44,0 test INFO SELECTED_CLIENTS:[11, 7, 0]
23:00:48,910 test INFO GLOBAL MODEL: Total Accuracy = 0.1
23:00:48,910 test INFO GLOBAL MODEL: Loss = 2.308695718740961
23:00:48,910 test INFO === Time Statistics ===
23:00:48,910 test INFO TOTAL_CLIENT_SELECTION_TIME:0.0138
23:00:48,910 test INFO TOTAL_ACTUAL_TRAINING_TIME:46.4621
23:00:48,910 test INFO SIM_TRAINING_ROUND_TIME:0.0000
23:00:48,910 test INFO TOTAL_AGGREGATION_TIME:0.1267
23:00:48,910 test INFO TOTAL_VALIDATION_TIME:46.5444
23:00:48,910 test INFO ===========================
